Starting scraper for shop: madlywish
Data will be saved to: crawling_data\madlywish_20250607_165745.csv
Error in main execution: HTTPConnectionPool(host='localhost', port=1010): Read timed out. (read timeout=10)
Starting scraper for shop: madlywish
Data will be saved to: crawling_data\madlywish_20250607_170012.csv
>>>>>>>>>>>>>>>>>>>>>>>>>>> Scraping page 1/1 <<<<<<<<<<<<<<<<<<<<<<<<<<<
Found 36 items on page 1
Processing item 1/36: https://www.etsy.com/listing/4315678927/tooth-fairy-letter-gift-for-kid-first?click_key=bcd14cea7956e831aae656f206f69b84d498b2d4%3A4315678927&click_sum=d364e4c1&ref=shop_home_active_1&pro=1&sts=1
Could not find product name for URL: https://www.etsy.com/listing/4315678927/tooth-fairy-letter-gift-for-kid-first?click_key=bcd14cea7956e831aae656f206f69b84d498b2d4%3A4315678927&click_sum=d364e4c1&ref=shop_home_active_1&pro=1&sts=1
Error during random crawling: Message: no such window: target window already closed
from unknown error: web view not found
  (Session info: chrome=132.0.6834.160)
Stacktrace:
	GetHandleVerifier [0x00007FF6C0C81C35+33349]
	(No symbol) [0x00007FF6C0BE3120]
	(No symbol) [0x00007FF6C0A750FA]
	(No symbol) [0x00007FF6C0A4EEA5]
	(No symbol) [0x00007FF6C0AF6F77]
	(No symbol) [0x00007FF6C0B0FA42]
	(No symbol) [0x00007FF6C0AEFD43]
	(No symbol) [0x00007FF6C0ABA0D3]
	(No symbol) [0x00007FF6C0ABB461]
	GetHandleVerifier [0x00007FF6C0FB493D+3387213]
	GetHandleVerifier [0x00007FF6C0FC6920+3460912]
	GetHandleVerifier [0x00007FF6C0FBCF2D+3421501]
	GetHandleVerifier [0x00007FF6C0D4CCDB+865003]
	(No symbol) [0x00007FF6C0BEED8F]
	(No symbol) [0x00007FF6C0BEA944]
	(No symbol) [0x00007FF6C0BEAADD]
	(No symbol) [0x00007FF6C0BD8F69]
	BaseThreadInitThunk [0x00007FFFCD5AE8D7+23]
	RtlUserThreadStart [0x00007FFFCE43C34C+44]

Error processing item 2 on page 1: Message: no such window: target window already closed
from unknown error: web view not found
  (Session info: chrome=132.0.6834.160)
Stacktrace:
	GetHandleVerifier [0x00007FF6C0C81C35+33349]
	(No symbol) [0x00007FF6C0BE3120]
	(No symbol) [0x00007FF6C0A750FA]
	(No symbol) [0x00007FF6C0A4EEA5]
	(No symbol) [0x00007FF6C0AF6F77]
	(No symbol) [0x00007FF6C0B0FA42]
	(No symbol) [0x00007FF6C0AEFD43]
	(No symbol) [0x00007FF6C0ABA0D3]
	(No symbol) [0x00007FF6C0ABB461]
	GetHandleVerifier [0x00007FF6C0FB493D+3387213]
	GetHandleVerifier [0x00007FF6C0FC6920+3460912]
	GetHandleVerifier [0x00007FF6C0FBCF2D+3421501]
	GetHandleVerifier [0x00007FF6C0D4CCDB+865003]
	(No symbol) [0x00007FF6C0BEED8F]
	(No symbol) [0x00007FF6C0BEA944]
	(No symbol) [0x00007FF6C0BEAADD]
	(No symbol) [0x00007FF6C0BD8F69]
	BaseThreadInitThunk [0x00007FFFCD5AE8D7+23]
	RtlUserThreadStart [0x00007FFFCE43C34C+44]

Error processing item 3 on page 1: Message: no such window: target window already closed
from unknown error: web view not found
  (Session info: chrome=132.0.6834.160)
Stacktrace:
	GetHandleVerifier [0x00007FF6C0C81C35+33349]
	(No symbol) [0x00007FF6C0BE3120]
	(No symbol) [0x00007FF6C0A750FA]
	(No symbol) [0x00007FF6C0A4EEA5]
	(No symbol) [0x00007FF6C0AF6F77]
	(No symbol) [0x00007FF6C0B0FA42]
	(No symbol) [0x00007FF6C0AEFD43]
	(No symbol) [0x00007FF6C0ABA0D3]
	(No symbol) [0x00007FF6C0ABB461]
	GetHandleVerifier [0x00007FF6C0FB493D+3387213]
	GetHandleVerifier [0x00007FF6C0FC6920+3460912]
	GetHandleVerifier [0x00007FF6C0FBCF2D+3421501]
	GetHandleVerifier [0x00007FF6C0D4CCDB+865003]
	(No symbol) [0x00007FF6C0BEED8F]
	(No symbol) [0x00007FF6C0BEA944]
	(No symbol) [0x00007FF6C0BEAADD]
	(No symbol) [0x00007FF6C0BD8F69]
	BaseThreadInitThunk [0x00007FFFCD5AE8D7+23]
	RtlUserThreadStart [0x00007FFFCE43C34C+44]

Error processing item 4 on page 1: Message: no such window: target window already closed
from unknown error: web view not found
  (Session info: chrome=132.0.6834.160)
Stacktrace:
	GetHandleVerifier [0x00007FF6C0C81C35+33349]
	(No symbol) [0x00007FF6C0BE3120]
	(No symbol) [0x00007FF6C0A750FA]
	(No symbol) [0x00007FF6C0A4EEA5]
	(No symbol) [0x00007FF6C0AF6F77]
	(No symbol) [0x00007FF6C0B0FA42]
	(No symbol) [0x00007FF6C0AEFD43]
	(No symbol) [0x00007FF6C0ABA0D3]
	(No symbol) [0x00007FF6C0ABB461]
	GetHandleVerifier [0x00007FF6C0FB493D+3387213]
	GetHandleVerifier [0x00007FF6C0FC6920+3460912]
	GetHandleVerifier [0x00007FF6C0FBCF2D+3421501]
	GetHandleVerifier [0x00007FF6C0D4CCDB+865003]
	(No symbol) [0x00007FF6C0BEED8F]
	(No symbol) [0x00007FF6C0BEA944]
	(No symbol) [0x00007FF6C0BEAADD]
	(No symbol) [0x00007FF6C0BD8F69]
	BaseThreadInitThunk [0x00007FFFCD5AE8D7+23]
	RtlUserThreadStart [0x00007FFFCE43C34C+44]

Error processing item 5 on page 1: Message: no such window: target window already closed
from unknown error: web view not found
  (Session info: chrome=132.0.6834.160)
Stacktrace:
	GetHandleVerifier [0x00007FF6C0C81C35+33349]
	(No symbol) [0x00007FF6C0BE3120]
	(No symbol) [0x00007FF6C0A750FA]
	(No symbol) [0x00007FF6C0A4EEA5]
	(No symbol) [0x00007FF6C0AF6F77]
	(No symbol) [0x00007FF6C0B0FA42]
	(No symbol) [0x00007FF6C0AEFD43]
	(No symbol) [0x00007FF6C0ABA0D3]
	(No symbol) [0x00007FF6C0ABB461]
	GetHandleVerifier [0x00007FF6C0FB493D+3387213]
	GetHandleVerifier [0x00007FF6C0FC6920+3460912]
	GetHandleVerifier [0x00007FF6C0FBCF2D+3421501]
	GetHandleVerifier [0x00007FF6C0D4CCDB+865003]
	(No symbol) [0x00007FF6C0BEED8F]
	(No symbol) [0x00007FF6C0BEA944]
	(No symbol) [0x00007FF6C0BEAADD]
	(No symbol) [0x00007FF6C0BD8F69]
	BaseThreadInitThunk [0x00007FFFCD5AE8D7+23]
	RtlUserThreadStart [0x00007FFFCE43C34C+44]

Error processing item 6 on page 1: Message: no such window: target window already closed
from unknown error: web view not found
  (Session info: chrome=132.0.6834.160)
Stacktrace:
	GetHandleVerifier [0x00007FF6C0C81C35+33349]
	(No symbol) [0x00007FF6C0BE3120]
	(No symbol) [0x00007FF6C0A750FA]
	(No symbol) [0x00007FF6C0A4EEA5]
	(No symbol) [0x00007FF6C0AF6F77]
	(No symbol) [0x00007FF6C0B0FA42]
	(No symbol) [0x00007FF6C0AEFD43]
	(No symbol) [0x00007FF6C0ABA0D3]
	(No symbol) [0x00007FF6C0ABB461]
	GetHandleVerifier [0x00007FF6C0FB493D+3387213]
	GetHandleVerifier [0x00007FF6C0FC6920+3460912]
	GetHandleVerifier [0x00007FF6C0FBCF2D+3421501]
	GetHandleVerifier [0x00007FF6C0D4CCDB+865003]
	(No symbol) [0x00007FF6C0BEED8F]
	(No symbol) [0x00007FF6C0BEA944]
	(No symbol) [0x00007FF6C0BEAADD]
	(No symbol) [0x00007FF6C0BD8F69]
	BaseThreadInitThunk [0x00007FFFCD5AE8D7+23]
	RtlUserThreadStart [0x00007FFFCE43C34C+44]

Error processing item 7 on page 1: Message: no such window: target window already closed
from unknown error: web view not found
  (Session info: chrome=132.0.6834.160)
Stacktrace:
	GetHandleVerifier [0x00007FF6C0C81C35+33349]
	(No symbol) [0x00007FF6C0BE3120]
	(No symbol) [0x00007FF6C0A750FA]
	(No symbol) [0x00007FF6C0A4EEA5]
	(No symbol) [0x00007FF6C0AF6F77]
	(No symbol) [0x00007FF6C0B0FA42]
	(No symbol) [0x00007FF6C0AEFD43]
	(No symbol) [0x00007FF6C0ABA0D3]
	(No symbol) [0x00007FF6C0ABB461]
	GetHandleVerifier [0x00007FF6C0FB493D+3387213]
	GetHandleVerifier [0x00007FF6C0FC6920+3460912]
	GetHandleVerifier [0x00007FF6C0FBCF2D+3421501]
	GetHandleVerifier [0x00007FF6C0D4CCDB+865003]
	(No symbol) [0x00007FF6C0BEED8F]
	(No symbol) [0x00007FF6C0BEA944]
	(No symbol) [0x00007FF6C0BEAADD]
	(No symbol) [0x00007FF6C0BD8F69]
	BaseThreadInitThunk [0x00007FFFCD5AE8D7+23]
	RtlUserThreadStart [0x00007FFFCE43C34C+44]

Error processing item 8 on page 1: Message: no such window: target window already closed
from unknown error: web view not found
  (Session info: chrome=132.0.6834.160)
Stacktrace:
	GetHandleVerifier [0x00007FF6C0C81C35+33349]
	(No symbol) [0x00007FF6C0BE3120]
	(No symbol) [0x00007FF6C0A750FA]
	(No symbol) [0x00007FF6C0A4EEA5]
	(No symbol) [0x00007FF6C0AF6F77]
	(No symbol) [0x00007FF6C0B0FA42]
	(No symbol) [0x00007FF6C0AEFD43]
	(No symbol) [0x00007FF6C0ABA0D3]
	(No symbol) [0x00007FF6C0ABB461]
	GetHandleVerifier [0x00007FF6C0FB493D+3387213]
	GetHandleVerifier [0x00007FF6C0FC6920+3460912]
	GetHandleVerifier [0x00007FF6C0FBCF2D+3421501]
	GetHandleVerifier [0x00007FF6C0D4CCDB+865003]
	(No symbol) [0x00007FF6C0BEED8F]
	(No symbol) [0x00007FF6C0BEA944]
	(No symbol) [0x00007FF6C0BEAADD]
	(No symbol) [0x00007FF6C0BD8F69]
	BaseThreadInitThunk [0x00007FFFCD5AE8D7+23]
	RtlUserThreadStart [0x00007FFFCE43C34C+44]

Error processing item 9 on page 1: Message: no such window: target window already closed
from unknown error: web view not found
  (Session info: chrome=132.0.6834.160)
Stacktrace:
	GetHandleVerifier [0x00007FF6C0C81C35+33349]
	(No symbol) [0x00007FF6C0BE3120]
	(No symbol) [0x00007FF6C0A750FA]
	(No symbol) [0x00007FF6C0A4EEA5]
	(No symbol) [0x00007FF6C0AF6F77]
	(No symbol) [0x00007FF6C0B0FA42]
	(No symbol) [0x00007FF6C0AEFD43]
	(No symbol) [0x00007FF6C0ABA0D3]
	(No symbol) [0x00007FF6C0ABB461]
	GetHandleVerifier [0x00007FF6C0FB493D+3387213]
	GetHandleVerifier [0x00007FF6C0FC6920+3460912]
	GetHandleVerifier [0x00007FF6C0FBCF2D+3421501]
	GetHandleVerifier [0x00007FF6C0D4CCDB+865003]
	(No symbol) [0x00007FF6C0BEED8F]
	(No symbol) [0x00007FF6C0BEA944]
	(No symbol) [0x00007FF6C0BEAADD]
	(No symbol) [0x00007FF6C0BD8F69]
	BaseThreadInitThunk [0x00007FFFCD5AE8D7+23]
	RtlUserThreadStart [0x00007FFFCE43C34C+44]

Error processing item 10 on page 1: Message: no such window: target window already closed
from unknown error: web view not found
  (Session info: chrome=132.0.6834.160)
Stacktrace:
	GetHandleVerifier [0x00007FF6C0C81C35+33349]
	(No symbol) [0x00007FF6C0BE3120]
	(No symbol) [0x00007FF6C0A750FA]
	(No symbol) [0x00007FF6C0A4EEA5]
	(No symbol) [0x00007FF6C0AF6F77]
	(No symbol) [0x00007FF6C0B0FA42]
	(No symbol) [0x00007FF6C0AEFD43]
	(No symbol) [0x00007FF6C0ABA0D3]
	(No symbol) [0x00007FF6C0ABB461]
	GetHandleVerifier [0x00007FF6C0FB493D+3387213]
	GetHandleVerifier [0x00007FF6C0FC6920+3460912]
	GetHandleVerifier [0x00007FF6C0FBCF2D+3421501]
	GetHandleVerifier [0x00007FF6C0D4CCDB+865003]
	(No symbol) [0x00007FF6C0BEED8F]
	(No symbol) [0x00007FF6C0BEA944]
	(No symbol) [0x00007FF6C0BEAADD]
	(No symbol) [0x00007FF6C0BD8F69]
	BaseThreadInitThunk [0x00007FFFCD5AE8D7+23]
	RtlUserThreadStart [0x00007FFFCE43C34C+44]

Error processing item 11 on page 1: Message: no such window: target window already closed
from unknown error: web view not found
  (Session info: chrome=132.0.6834.160)
Stacktrace:
	GetHandleVerifier [0x00007FF6C0C81C35+33349]
	(No symbol) [0x00007FF6C0BE3120]
	(No symbol) [0x00007FF6C0A750FA]
	(No symbol) [0x00007FF6C0A4EEA5]
	(No symbol) [0x00007FF6C0AF6F77]
	(No symbol) [0x00007FF6C0B0FA42]
	(No symbol) [0x00007FF6C0AEFD43]
	(No symbol) [0x00007FF6C0ABA0D3]
	(No symbol) [0x00007FF6C0ABB461]
	GetHandleVerifier [0x00007FF6C0FB493D+3387213]
	GetHandleVerifier [0x00007FF6C0FC6920+3460912]
	GetHandleVerifier [0x00007FF6C0FBCF2D+3421501]
	GetHandleVerifier [0x00007FF6C0D4CCDB+865003]
	(No symbol) [0x00007FF6C0BEED8F]
	(No symbol) [0x00007FF6C0BEA944]
	(No symbol) [0x00007FF6C0BEAADD]
	(No symbol) [0x00007FF6C0BD8F69]
	BaseThreadInitThunk [0x00007FFFCD5AE8D7+23]
	RtlUserThreadStart [0x00007FFFCE43C34C+44]

Error processing item 12 on page 1: Message: no such window: target window already closed
from unknown error: web view not found
  (Session info: chrome=132.0.6834.160)
Stacktrace:
	GetHandleVerifier [0x00007FF6C0C81C35+33349]
	(No symbol) [0x00007FF6C0BE3120]
	(No symbol) [0x00007FF6C0A750FA]
	(No symbol) [0x00007FF6C0A4EEA5]
	(No symbol) [0x00007FF6C0AF6F77]
	(No symbol) [0x00007FF6C0B0FA42]
	(No symbol) [0x00007FF6C0AEFD43]
	(No symbol) [0x00007FF6C0ABA0D3]
	(No symbol) [0x00007FF6C0ABB461]
	GetHandleVerifier [0x00007FF6C0FB493D+3387213]
	GetHandleVerifier [0x00007FF6C0FC6920+3460912]
	GetHandleVerifier [0x00007FF6C0FBCF2D+3421501]
	GetHandleVerifier [0x00007FF6C0D4CCDB+865003]
	(No symbol) [0x00007FF6C0BEED8F]
	(No symbol) [0x00007FF6C0BEA944]
	(No symbol) [0x00007FF6C0BEAADD]
	(No symbol) [0x00007FF6C0BD8F69]
	BaseThreadInitThunk [0x00007FFFCD5AE8D7+23]
	RtlUserThreadStart [0x00007FFFCE43C34C+44]

Error processing item 13 on page 1: Message: no such window: target window already closed
from unknown error: web view not found
  (Session info: chrome=132.0.6834.160)
Stacktrace:
	GetHandleVerifier [0x00007FF6C0C81C35+33349]
	(No symbol) [0x00007FF6C0BE3120]
	(No symbol) [0x00007FF6C0A750FA]
	(No symbol) [0x00007FF6C0A4EEA5]
	(No symbol) [0x00007FF6C0AF6F77]
	(No symbol) [0x00007FF6C0B0FA42]
	(No symbol) [0x00007FF6C0AEFD43]
	(No symbol) [0x00007FF6C0ABA0D3]
	(No symbol) [0x00007FF6C0ABB461]
	GetHandleVerifier [0x00007FF6C0FB493D+3387213]
	GetHandleVerifier [0x00007FF6C0FC6920+3460912]
	GetHandleVerifier [0x00007FF6C0FBCF2D+3421501]
	GetHandleVerifier [0x00007FF6C0D4CCDB+865003]
	(No symbol) [0x00007FF6C0BEED8F]
	(No symbol) [0x00007FF6C0BEA944]
	(No symbol) [0x00007FF6C0BEAADD]
	(No symbol) [0x00007FF6C0BD8F69]
	BaseThreadInitThunk [0x00007FFFCD5AE8D7+23]
	RtlUserThreadStart [0x00007FFFCE43C34C+44]

Error processing item 14 on page 1: Message: no such window: target window already closed
from unknown error: web view not found
  (Session info: chrome=132.0.6834.160)
Stacktrace:
	GetHandleVerifier [0x00007FF6C0C81C35+33349]
	(No symbol) [0x00007FF6C0BE3120]
	(No symbol) [0x00007FF6C0A750FA]
	(No symbol) [0x00007FF6C0A4EEA5]
	(No symbol) [0x00007FF6C0AF6F77]
	(No symbol) [0x00007FF6C0B0FA42]
	(No symbol) [0x00007FF6C0AEFD43]
	(No symbol) [0x00007FF6C0ABA0D3]
	(No symbol) [0x00007FF6C0ABB461]
	GetHandleVerifier [0x00007FF6C0FB493D+3387213]
	GetHandleVerifier [0x00007FF6C0FC6920+3460912]
	GetHandleVerifier [0x00007FF6C0FBCF2D+3421501]
	GetHandleVerifier [0x00007FF6C0D4CCDB+865003]
	(No symbol) [0x00007FF6C0BEED8F]
	(No symbol) [0x00007FF6C0BEA944]
	(No symbol) [0x00007FF6C0BEAADD]
	(No symbol) [0x00007FF6C0BD8F69]
	BaseThreadInitThunk [0x00007FFFCD5AE8D7+23]
	RtlUserThreadStart [0x00007FFFCE43C34C+44]

Error processing item 15 on page 1: Message: no such window: target window already closed
from unknown error: web view not found
  (Session info: chrome=132.0.6834.160)
Stacktrace:
	GetHandleVerifier [0x00007FF6C0C81C35+33349]
	(No symbol) [0x00007FF6C0BE3120]
	(No symbol) [0x00007FF6C0A750FA]
	(No symbol) [0x00007FF6C0A4EEA5]
	(No symbol) [0x00007FF6C0AF6F77]
	(No symbol) [0x00007FF6C0B0FA42]
	(No symbol) [0x00007FF6C0AEFD43]
	(No symbol) [0x00007FF6C0ABA0D3]
	(No symbol) [0x00007FF6C0ABB461]
	GetHandleVerifier [0x00007FF6C0FB493D+3387213]
	GetHandleVerifier [0x00007FF6C0FC6920+3460912]
	GetHandleVerifier [0x00007FF6C0FBCF2D+3421501]
	GetHandleVerifier [0x00007FF6C0D4CCDB+865003]
	(No symbol) [0x00007FF6C0BEED8F]
	(No symbol) [0x00007FF6C0BEA944]
	(No symbol) [0x00007FF6C0BEAADD]
	(No symbol) [0x00007FF6C0BD8F69]
	BaseThreadInitThunk [0x00007FFFCD5AE8D7+23]
	RtlUserThreadStart [0x00007FFFCE43C34C+44]

Error processing item 16 on page 1: Message: no such window: target window already closed
from unknown error: web view not found
  (Session info: chrome=132.0.6834.160)
Stacktrace:
	GetHandleVerifier [0x00007FF6C0C81C35+33349]
	(No symbol) [0x00007FF6C0BE3120]
	(No symbol) [0x00007FF6C0A750FA]
	(No symbol) [0x00007FF6C0A4EEA5]
	(No symbol) [0x00007FF6C0AF6F77]
	(No symbol) [0x00007FF6C0B0FA42]
	(No symbol) [0x00007FF6C0AEFD43]
	(No symbol) [0x00007FF6C0ABA0D3]
	(No symbol) [0x00007FF6C0ABB461]
	GetHandleVerifier [0x00007FF6C0FB493D+3387213]
	GetHandleVerifier [0x00007FF6C0FC6920+3460912]
	GetHandleVerifier [0x00007FF6C0FBCF2D+3421501]
	GetHandleVerifier [0x00007FF6C0D4CCDB+865003]
	(No symbol) [0x00007FF6C0BEED8F]
	(No symbol) [0x00007FF6C0BEA944]
	(No symbol) [0x00007FF6C0BEAADD]
	(No symbol) [0x00007FF6C0BD8F69]
	BaseThreadInitThunk [0x00007FFFCD5AE8D7+23]
	RtlUserThreadStart [0x00007FFFCE43C34C+44]

Error processing item 17 on page 1: Message: no such window: target window already closed
from unknown error: web view not found
  (Session info: chrome=132.0.6834.160)
Stacktrace:
	GetHandleVerifier [0x00007FF6C0C81C35+33349]
	(No symbol) [0x00007FF6C0BE3120]
	(No symbol) [0x00007FF6C0A750FA]
	(No symbol) [0x00007FF6C0A4EEA5]
	(No symbol) [0x00007FF6C0AF6F77]
	(No symbol) [0x00007FF6C0B0FA42]
	(No symbol) [0x00007FF6C0AEFD43]
	(No symbol) [0x00007FF6C0ABA0D3]
	(No symbol) [0x00007FF6C0ABB461]
	GetHandleVerifier [0x00007FF6C0FB493D+3387213]
	GetHandleVerifier [0x00007FF6C0FC6920+3460912]
	GetHandleVerifier [0x00007FF6C0FBCF2D+3421501]
	GetHandleVerifier [0x00007FF6C0D4CCDB+865003]
	(No symbol) [0x00007FF6C0BEED8F]
	(No symbol) [0x00007FF6C0BEA944]
	(No symbol) [0x00007FF6C0BEAADD]
	(No symbol) [0x00007FF6C0BD8F69]
	BaseThreadInitThunk [0x00007FFFCD5AE8D7+23]
	RtlUserThreadStart [0x00007FFFCE43C34C+44]

Error processing item 18 on page 1: Message: no such window: target window already closed
from unknown error: web view not found
  (Session info: chrome=132.0.6834.160)
Stacktrace:
	GetHandleVerifier [0x00007FF6C0C81C35+33349]
	(No symbol) [0x00007FF6C0BE3120]
	(No symbol) [0x00007FF6C0A750FA]
	(No symbol) [0x00007FF6C0A4EEA5]
	(No symbol) [0x00007FF6C0AF6F77]
	(No symbol) [0x00007FF6C0B0FA42]
	(No symbol) [0x00007FF6C0AEFD43]
	(No symbol) [0x00007FF6C0ABA0D3]
	(No symbol) [0x00007FF6C0ABB461]
	GetHandleVerifier [0x00007FF6C0FB493D+3387213]
	GetHandleVerifier [0x00007FF6C0FC6920+3460912]
	GetHandleVerifier [0x00007FF6C0FBCF2D+3421501]
	GetHandleVerifier [0x00007FF6C0D4CCDB+865003]
	(No symbol) [0x00007FF6C0BEED8F]
	(No symbol) [0x00007FF6C0BEA944]
	(No symbol) [0x00007FF6C0BEAADD]
	(No symbol) [0x00007FF6C0BD8F69]
	BaseThreadInitThunk [0x00007FFFCD5AE8D7+23]
	RtlUserThreadStart [0x00007FFFCE43C34C+44]

Error processing item 19 on page 1: Message: no such window: target window already closed
from unknown error: web view not found
  (Session info: chrome=132.0.6834.160)
Stacktrace:
	GetHandleVerifier [0x00007FF6C0C81C35+33349]
	(No symbol) [0x00007FF6C0BE3120]
	(No symbol) [0x00007FF6C0A750FA]
	(No symbol) [0x00007FF6C0A4EEA5]
	(No symbol) [0x00007FF6C0AF6F77]
	(No symbol) [0x00007FF6C0B0FA42]
	(No symbol) [0x00007FF6C0AEFD43]
	(No symbol) [0x00007FF6C0ABA0D3]
	(No symbol) [0x00007FF6C0ABB461]
	GetHandleVerifier [0x00007FF6C0FB493D+3387213]
	GetHandleVerifier [0x00007FF6C0FC6920+3460912]
	GetHandleVerifier [0x00007FF6C0FBCF2D+3421501]
	GetHandleVerifier [0x00007FF6C0D4CCDB+865003]
	(No symbol) [0x00007FF6C0BEED8F]
	(No symbol) [0x00007FF6C0BEA944]
	(No symbol) [0x00007FF6C0BEAADD]
	(No symbol) [0x00007FF6C0BD8F69]
	BaseThreadInitThunk [0x00007FFFCD5AE8D7+23]
	RtlUserThreadStart [0x00007FFFCE43C34C+44]

Error processing item 20 on page 1: Message: no such window: target window already closed
from unknown error: web view not found
  (Session info: chrome=132.0.6834.160)
Stacktrace:
	GetHandleVerifier [0x00007FF6C0C81C35+33349]
	(No symbol) [0x00007FF6C0BE3120]
	(No symbol) [0x00007FF6C0A750FA]
	(No symbol) [0x00007FF6C0A4EEA5]
	(No symbol) [0x00007FF6C0AF6F77]
	(No symbol) [0x00007FF6C0B0FA42]
	(No symbol) [0x00007FF6C0AEFD43]
	(No symbol) [0x00007FF6C0ABA0D3]
	(No symbol) [0x00007FF6C0ABB461]
	GetHandleVerifier [0x00007FF6C0FB493D+3387213]
	GetHandleVerifier [0x00007FF6C0FC6920+3460912]
	GetHandleVerifier [0x00007FF6C0FBCF2D+3421501]
	GetHandleVerifier [0x00007FF6C0D4CCDB+865003]
	(No symbol) [0x00007FF6C0BEED8F]
	(No symbol) [0x00007FF6C0BEA944]
	(No symbol) [0x00007FF6C0BEAADD]
	(No symbol) [0x00007FF6C0BD8F69]
	BaseThreadInitThunk [0x00007FFFCD5AE8D7+23]
	RtlUserThreadStart [0x00007FFFCE43C34C+44]

Error processing item 21 on page 1: Message: no such window: target window already closed
from unknown error: web view not found
  (Session info: chrome=132.0.6834.160)
Stacktrace:
	GetHandleVerifier [0x00007FF6C0C81C35+33349]
	(No symbol) [0x00007FF6C0BE3120]
	(No symbol) [0x00007FF6C0A750FA]
	(No symbol) [0x00007FF6C0A4EEA5]
	(No symbol) [0x00007FF6C0AF6F77]
	(No symbol) [0x00007FF6C0B0FA42]
	(No symbol) [0x00007FF6C0AEFD43]
	(No symbol) [0x00007FF6C0ABA0D3]
	(No symbol) [0x00007FF6C0ABB461]
	GetHandleVerifier [0x00007FF6C0FB493D+3387213]
	GetHandleVerifier [0x00007FF6C0FC6920+3460912]
	GetHandleVerifier [0x00007FF6C0FBCF2D+3421501]
	GetHandleVerifier [0x00007FF6C0D4CCDB+865003]
	(No symbol) [0x00007FF6C0BEED8F]
	(No symbol) [0x00007FF6C0BEA944]
	(No symbol) [0x00007FF6C0BEAADD]
	(No symbol) [0x00007FF6C0BD8F69]
	BaseThreadInitThunk [0x00007FFFCD5AE8D7+23]
	RtlUserThreadStart [0x00007FFFCE43C34C+44]

Error processing item 22 on page 1: Message: no such window: target window already closed
from unknown error: web view not found
  (Session info: chrome=132.0.6834.160)
Stacktrace:
	GetHandleVerifier [0x00007FF6C0C81C35+33349]
	(No symbol) [0x00007FF6C0BE3120]
	(No symbol) [0x00007FF6C0A750FA]
	(No symbol) [0x00007FF6C0A4EEA5]
	(No symbol) [0x00007FF6C0AF6F77]
	(No symbol) [0x00007FF6C0B0FA42]
	(No symbol) [0x00007FF6C0AEFD43]
	(No symbol) [0x00007FF6C0ABA0D3]
	(No symbol) [0x00007FF6C0ABB461]
	GetHandleVerifier [0x00007FF6C0FB493D+3387213]
	GetHandleVerifier [0x00007FF6C0FC6920+3460912]
	GetHandleVerifier [0x00007FF6C0FBCF2D+3421501]
	GetHandleVerifier [0x00007FF6C0D4CCDB+865003]
	(No symbol) [0x00007FF6C0BEED8F]
	(No symbol) [0x00007FF6C0BEA944]
	(No symbol) [0x00007FF6C0BEAADD]
	(No symbol) [0x00007FF6C0BD8F69]
	BaseThreadInitThunk [0x00007FFFCD5AE8D7+23]
	RtlUserThreadStart [0x00007FFFCE43C34C+44]

Error processing item 23 on page 1: Message: no such window: target window already closed
from unknown error: web view not found
  (Session info: chrome=132.0.6834.160)
Stacktrace:
	GetHandleVerifier [0x00007FF6C0C81C35+33349]
	(No symbol) [0x00007FF6C0BE3120]
	(No symbol) [0x00007FF6C0A750FA]
	(No symbol) [0x00007FF6C0A4EEA5]
	(No symbol) [0x00007FF6C0AF6F77]
	(No symbol) [0x00007FF6C0B0FA42]
	(No symbol) [0x00007FF6C0AEFD43]
	(No symbol) [0x00007FF6C0ABA0D3]
	(No symbol) [0x00007FF6C0ABB461]
	GetHandleVerifier [0x00007FF6C0FB493D+3387213]
	GetHandleVerifier [0x00007FF6C0FC6920+3460912]
	GetHandleVerifier [0x00007FF6C0FBCF2D+3421501]
	GetHandleVerifier [0x00007FF6C0D4CCDB+865003]
	(No symbol) [0x00007FF6C0BEED8F]
	(No symbol) [0x00007FF6C0BEA944]
	(No symbol) [0x00007FF6C0BEAADD]
	(No symbol) [0x00007FF6C0BD8F69]
	BaseThreadInitThunk [0x00007FFFCD5AE8D7+23]
	RtlUserThreadStart [0x00007FFFCE43C34C+44]

Error processing item 24 on page 1: Message: no such window: target window already closed
from unknown error: web view not found
  (Session info: chrome=132.0.6834.160)
Stacktrace:
	GetHandleVerifier [0x00007FF6C0C81C35+33349]
	(No symbol) [0x00007FF6C0BE3120]
	(No symbol) [0x00007FF6C0A750FA]
	(No symbol) [0x00007FF6C0A4EEA5]
	(No symbol) [0x00007FF6C0AF6F77]
	(No symbol) [0x00007FF6C0B0FA42]
	(No symbol) [0x00007FF6C0AEFD43]
	(No symbol) [0x00007FF6C0ABA0D3]
	(No symbol) [0x00007FF6C0ABB461]
	GetHandleVerifier [0x00007FF6C0FB493D+3387213]
	GetHandleVerifier [0x00007FF6C0FC6920+3460912]
	GetHandleVerifier [0x00007FF6C0FBCF2D+3421501]
	GetHandleVerifier [0x00007FF6C0D4CCDB+865003]
	(No symbol) [0x00007FF6C0BEED8F]
	(No symbol) [0x00007FF6C0BEA944]
	(No symbol) [0x00007FF6C0BEAADD]
	(No symbol) [0x00007FF6C0BD8F69]
	BaseThreadInitThunk [0x00007FFFCD5AE8D7+23]
	RtlUserThreadStart [0x00007FFFCE43C34C+44]

Error processing item 25 on page 1: Message: no such window: target window already closed
from unknown error: web view not found
  (Session info: chrome=132.0.6834.160)
Stacktrace:
	GetHandleVerifier [0x00007FF6C0C81C35+33349]
	(No symbol) [0x00007FF6C0BE3120]
	(No symbol) [0x00007FF6C0A750FA]
	(No symbol) [0x00007FF6C0A4EEA5]
	(No symbol) [0x00007FF6C0AF6F77]
	(No symbol) [0x00007FF6C0B0FA42]
	(No symbol) [0x00007FF6C0AEFD43]
	(No symbol) [0x00007FF6C0ABA0D3]
	(No symbol) [0x00007FF6C0ABB461]
	GetHandleVerifier [0x00007FF6C0FB493D+3387213]
	GetHandleVerifier [0x00007FF6C0FC6920+3460912]
	GetHandleVerifier [0x00007FF6C0FBCF2D+3421501]
	GetHandleVerifier [0x00007FF6C0D4CCDB+865003]
	(No symbol) [0x00007FF6C0BEED8F]
	(No symbol) [0x00007FF6C0BEA944]
	(No symbol) [0x00007FF6C0BEAADD]
	(No symbol) [0x00007FF6C0BD8F69]
	BaseThreadInitThunk [0x00007FFFCD5AE8D7+23]
	RtlUserThreadStart [0x00007FFFCE43C34C+44]

Error processing item 26 on page 1: Message: no such window: target window already closed
from unknown error: web view not found
  (Session info: chrome=132.0.6834.160)
Stacktrace:
	GetHandleVerifier [0x00007FF6C0C81C35+33349]
	(No symbol) [0x00007FF6C0BE3120]
	(No symbol) [0x00007FF6C0A750FA]
	(No symbol) [0x00007FF6C0A4EEA5]
	(No symbol) [0x00007FF6C0AF6F77]
	(No symbol) [0x00007FF6C0B0FA42]
	(No symbol) [0x00007FF6C0AEFD43]
	(No symbol) [0x00007FF6C0ABA0D3]
	(No symbol) [0x00007FF6C0ABB461]
	GetHandleVerifier [0x00007FF6C0FB493D+3387213]
	GetHandleVerifier [0x00007FF6C0FC6920+3460912]
	GetHandleVerifier [0x00007FF6C0FBCF2D+3421501]
	GetHandleVerifier [0x00007FF6C0D4CCDB+865003]
	(No symbol) [0x00007FF6C0BEED8F]
	(No symbol) [0x00007FF6C0BEA944]
	(No symbol) [0x00007FF6C0BEAADD]
	(No symbol) [0x00007FF6C0BD8F69]
	BaseThreadInitThunk [0x00007FFFCD5AE8D7+23]
	RtlUserThreadStart [0x00007FFFCE43C34C+44]

Error processing item 27 on page 1: Message: no such window: target window already closed
from unknown error: web view not found
  (Session info: chrome=132.0.6834.160)
Stacktrace:
	GetHandleVerifier [0x00007FF6C0C81C35+33349]
	(No symbol) [0x00007FF6C0BE3120]
	(No symbol) [0x00007FF6C0A750FA]
	(No symbol) [0x00007FF6C0A4EEA5]
	(No symbol) [0x00007FF6C0AF6F77]
	(No symbol) [0x00007FF6C0B0FA42]
	(No symbol) [0x00007FF6C0AEFD43]
	(No symbol) [0x00007FF6C0ABA0D3]
	(No symbol) [0x00007FF6C0ABB461]
	GetHandleVerifier [0x00007FF6C0FB493D+3387213]
	GetHandleVerifier [0x00007FF6C0FC6920+3460912]
	GetHandleVerifier [0x00007FF6C0FBCF2D+3421501]
	GetHandleVerifier [0x00007FF6C0D4CCDB+865003]
	(No symbol) [0x00007FF6C0BEED8F]
	(No symbol) [0x00007FF6C0BEA944]
	(No symbol) [0x00007FF6C0BEAADD]
	(No symbol) [0x00007FF6C0BD8F69]
	BaseThreadInitThunk [0x00007FFFCD5AE8D7+23]
	RtlUserThreadStart [0x00007FFFCE43C34C+44]

Error processing item 28 on page 1: Message: no such window: target window already closed
from unknown error: web view not found
  (Session info: chrome=132.0.6834.160)
Stacktrace:
	GetHandleVerifier [0x00007FF6C0C81C35+33349]
	(No symbol) [0x00007FF6C0BE3120]
	(No symbol) [0x00007FF6C0A750FA]
	(No symbol) [0x00007FF6C0A4EEA5]
	(No symbol) [0x00007FF6C0AF6F77]
	(No symbol) [0x00007FF6C0B0FA42]
	(No symbol) [0x00007FF6C0AEFD43]
	(No symbol) [0x00007FF6C0ABA0D3]
	(No symbol) [0x00007FF6C0ABB461]
	GetHandleVerifier [0x00007FF6C0FB493D+3387213]
	GetHandleVerifier [0x00007FF6C0FC6920+3460912]
	GetHandleVerifier [0x00007FF6C0FBCF2D+3421501]
	GetHandleVerifier [0x00007FF6C0D4CCDB+865003]
	(No symbol) [0x00007FF6C0BEED8F]
	(No symbol) [0x00007FF6C0BEA944]
	(No symbol) [0x00007FF6C0BEAADD]
	(No symbol) [0x00007FF6C0BD8F69]
	BaseThreadInitThunk [0x00007FFFCD5AE8D7+23]
	RtlUserThreadStart [0x00007FFFCE43C34C+44]

Error processing item 29 on page 1: Message: no such window: target window already closed
from unknown error: web view not found
  (Session info: chrome=132.0.6834.160)
Stacktrace:
	GetHandleVerifier [0x00007FF6C0C81C35+33349]
	(No symbol) [0x00007FF6C0BE3120]
	(No symbol) [0x00007FF6C0A750FA]
	(No symbol) [0x00007FF6C0A4EEA5]
	(No symbol) [0x00007FF6C0AF6F77]
	(No symbol) [0x00007FF6C0B0FA42]
	(No symbol) [0x00007FF6C0AEFD43]
	(No symbol) [0x00007FF6C0ABA0D3]
	(No symbol) [0x00007FF6C0ABB461]
	GetHandleVerifier [0x00007FF6C0FB493D+3387213]
	GetHandleVerifier [0x00007FF6C0FC6920+3460912]
	GetHandleVerifier [0x00007FF6C0FBCF2D+3421501]
	GetHandleVerifier [0x00007FF6C0D4CCDB+865003]
	(No symbol) [0x00007FF6C0BEED8F]
	(No symbol) [0x00007FF6C0BEA944]
	(No symbol) [0x00007FF6C0BEAADD]
	(No symbol) [0x00007FF6C0BD8F69]
	BaseThreadInitThunk [0x00007FFFCD5AE8D7+23]
	RtlUserThreadStart [0x00007FFFCE43C34C+44]

Error processing item 30 on page 1: Message: no such window: target window already closed
from unknown error: web view not found
  (Session info: chrome=132.0.6834.160)
Stacktrace:
	GetHandleVerifier [0x00007FF6C0C81C35+33349]
	(No symbol) [0x00007FF6C0BE3120]
	(No symbol) [0x00007FF6C0A750FA]
	(No symbol) [0x00007FF6C0A4EEA5]
	(No symbol) [0x00007FF6C0AF6F77]
	(No symbol) [0x00007FF6C0B0FA42]
	(No symbol) [0x00007FF6C0AEFD43]
	(No symbol) [0x00007FF6C0ABA0D3]
	(No symbol) [0x00007FF6C0ABB461]
	GetHandleVerifier [0x00007FF6C0FB493D+3387213]
	GetHandleVerifier [0x00007FF6C0FC6920+3460912]
	GetHandleVerifier [0x00007FF6C0FBCF2D+3421501]
	GetHandleVerifier [0x00007FF6C0D4CCDB+865003]
	(No symbol) [0x00007FF6C0BEED8F]
	(No symbol) [0x00007FF6C0BEA944]
	(No symbol) [0x00007FF6C0BEAADD]
	(No symbol) [0x00007FF6C0BD8F69]
	BaseThreadInitThunk [0x00007FFFCD5AE8D7+23]
	RtlUserThreadStart [0x00007FFFCE43C34C+44]

Error processing item 31 on page 1: Message: no such window: target window already closed
from unknown error: web view not found
  (Session info: chrome=132.0.6834.160)
Stacktrace:
	GetHandleVerifier [0x00007FF6C0C81C35+33349]
	(No symbol) [0x00007FF6C0BE3120]
	(No symbol) [0x00007FF6C0A750FA]
	(No symbol) [0x00007FF6C0A4EEA5]
	(No symbol) [0x00007FF6C0AF6F77]
	(No symbol) [0x00007FF6C0B0FA42]
	(No symbol) [0x00007FF6C0AEFD43]
	(No symbol) [0x00007FF6C0ABA0D3]
	(No symbol) [0x00007FF6C0ABB461]
	GetHandleVerifier [0x00007FF6C0FB493D+3387213]
	GetHandleVerifier [0x00007FF6C0FC6920+3460912]
	GetHandleVerifier [0x00007FF6C0FBCF2D+3421501]
	GetHandleVerifier [0x00007FF6C0D4CCDB+865003]
	(No symbol) [0x00007FF6C0BEED8F]
	(No symbol) [0x00007FF6C0BEA944]
	(No symbol) [0x00007FF6C0BEAADD]
	(No symbol) [0x00007FF6C0BD8F69]
	BaseThreadInitThunk [0x00007FFFCD5AE8D7+23]
	RtlUserThreadStart [0x00007FFFCE43C34C+44]

Error processing item 32 on page 1: Message: no such window: target window already closed
from unknown error: web view not found
  (Session info: chrome=132.0.6834.160)
Stacktrace:
	GetHandleVerifier [0x00007FF6C0C81C35+33349]
	(No symbol) [0x00007FF6C0BE3120]
	(No symbol) [0x00007FF6C0A750FA]
	(No symbol) [0x00007FF6C0A4EEA5]
	(No symbol) [0x00007FF6C0AF6F77]
	(No symbol) [0x00007FF6C0B0FA42]
	(No symbol) [0x00007FF6C0AEFD43]
	(No symbol) [0x00007FF6C0ABA0D3]
	(No symbol) [0x00007FF6C0ABB461]
	GetHandleVerifier [0x00007FF6C0FB493D+3387213]
	GetHandleVerifier [0x00007FF6C0FC6920+3460912]
	GetHandleVerifier [0x00007FF6C0FBCF2D+3421501]
	GetHandleVerifier [0x00007FF6C0D4CCDB+865003]
	(No symbol) [0x00007FF6C0BEED8F]
	(No symbol) [0x00007FF6C0BEA944]
	(No symbol) [0x00007FF6C0BEAADD]
	(No symbol) [0x00007FF6C0BD8F69]
	BaseThreadInitThunk [0x00007FFFCD5AE8D7+23]
	RtlUserThreadStart [0x00007FFFCE43C34C+44]

Error processing item 33 on page 1: Message: no such window: target window already closed
from unknown error: web view not found
  (Session info: chrome=132.0.6834.160)
Stacktrace:
	GetHandleVerifier [0x00007FF6C0C81C35+33349]
	(No symbol) [0x00007FF6C0BE3120]
	(No symbol) [0x00007FF6C0A750FA]
	(No symbol) [0x00007FF6C0A4EEA5]
	(No symbol) [0x00007FF6C0AF6F77]
	(No symbol) [0x00007FF6C0B0FA42]
	(No symbol) [0x00007FF6C0AEFD43]
	(No symbol) [0x00007FF6C0ABA0D3]
	(No symbol) [0x00007FF6C0ABB461]
	GetHandleVerifier [0x00007FF6C0FB493D+3387213]
	GetHandleVerifier [0x00007FF6C0FC6920+3460912]
	GetHandleVerifier [0x00007FF6C0FBCF2D+3421501]
	GetHandleVerifier [0x00007FF6C0D4CCDB+865003]
	(No symbol) [0x00007FF6C0BEED8F]
	(No symbol) [0x00007FF6C0BEA944]
	(No symbol) [0x00007FF6C0BEAADD]
	(No symbol) [0x00007FF6C0BD8F69]
	BaseThreadInitThunk [0x00007FFFCD5AE8D7+23]
	RtlUserThreadStart [0x00007FFFCE43C34C+44]

Error processing item 34 on page 1: Message: no such window: target window already closed
from unknown error: web view not found
  (Session info: chrome=132.0.6834.160)
Stacktrace:
	GetHandleVerifier [0x00007FF6C0C81C35+33349]
	(No symbol) [0x00007FF6C0BE3120]
	(No symbol) [0x00007FF6C0A750FA]
	(No symbol) [0x00007FF6C0A4EEA5]
	(No symbol) [0x00007FF6C0AF6F77]
	(No symbol) [0x00007FF6C0B0FA42]
	(No symbol) [0x00007FF6C0AEFD43]
	(No symbol) [0x00007FF6C0ABA0D3]
	(No symbol) [0x00007FF6C0ABB461]
	GetHandleVerifier [0x00007FF6C0FB493D+3387213]
	GetHandleVerifier [0x00007FF6C0FC6920+3460912]
	GetHandleVerifier [0x00007FF6C0FBCF2D+3421501]
	GetHandleVerifier [0x00007FF6C0D4CCDB+865003]
	(No symbol) [0x00007FF6C0BEED8F]
	(No symbol) [0x00007FF6C0BEA944]
	(No symbol) [0x00007FF6C0BEAADD]
	(No symbol) [0x00007FF6C0BD8F69]
	BaseThreadInitThunk [0x00007FFFCD5AE8D7+23]
	RtlUserThreadStart [0x00007FFFCE43C34C+44]

Error processing item 35 on page 1: Message: no such window: target window already closed
from unknown error: web view not found
  (Session info: chrome=132.0.6834.160)
Stacktrace:
	GetHandleVerifier [0x00007FF6C0C81C35+33349]
	(No symbol) [0x00007FF6C0BE3120]
	(No symbol) [0x00007FF6C0A750FA]
	(No symbol) [0x00007FF6C0A4EEA5]
	(No symbol) [0x00007FF6C0AF6F77]
	(No symbol) [0x00007FF6C0B0FA42]
	(No symbol) [0x00007FF6C0AEFD43]
	(No symbol) [0x00007FF6C0ABA0D3]
	(No symbol) [0x00007FF6C0ABB461]
	GetHandleVerifier [0x00007FF6C0FB493D+3387213]
	GetHandleVerifier [0x00007FF6C0FC6920+3460912]
	GetHandleVerifier [0x00007FF6C0FBCF2D+3421501]
	GetHandleVerifier [0x00007FF6C0D4CCDB+865003]
	(No symbol) [0x00007FF6C0BEED8F]
	(No symbol) [0x00007FF6C0BEA944]
	(No symbol) [0x00007FF6C0BEAADD]
	(No symbol) [0x00007FF6C0BD8F69]
	BaseThreadInitThunk [0x00007FFFCD5AE8D7+23]
	RtlUserThreadStart [0x00007FFFCE43C34C+44]

Error processing item 36 on page 1: Message: no such window: target window already closed
from unknown error: web view not found
  (Session info: chrome=132.0.6834.160)
Stacktrace:
	GetHandleVerifier [0x00007FF6C0C81C35+33349]
	(No symbol) [0x00007FF6C0BE3120]
	(No symbol) [0x00007FF6C0A750FA]
	(No symbol) [0x00007FF6C0A4EEA5]
	(No symbol) [0x00007FF6C0AF6F77]
	(No symbol) [0x00007FF6C0B0FA42]
	(No symbol) [0x00007FF6C0AEFD43]
	(No symbol) [0x00007FF6C0ABA0D3]
	(No symbol) [0x00007FF6C0ABB461]
	GetHandleVerifier [0x00007FF6C0FB493D+3387213]
	GetHandleVerifier [0x00007FF6C0FC6920+3460912]
	GetHandleVerifier [0x00007FF6C0FBCF2D+3421501]
	GetHandleVerifier [0x00007FF6C0D4CCDB+865003]
	(No symbol) [0x00007FF6C0BEED8F]
	(No symbol) [0x00007FF6C0BEA944]
	(No symbol) [0x00007FF6C0BEAADD]
	(No symbol) [0x00007FF6C0BD8F69]
	BaseThreadInitThunk [0x00007FFFCD5AE8D7+23]
	RtlUserThreadStart [0x00007FFFCE43C34C+44]

Error checking pagination: Message: no such window: target window already closed
from unknown error: web view not found
  (Session info: chrome=132.0.6834.160)
Stacktrace:
	GetHandleVerifier [0x00007FF6C0C81C35+33349]
	(No symbol) [0x00007FF6C0BE3120]
	(No symbol) [0x00007FF6C0A750FA]
	(No symbol) [0x00007FF6C0A4EEA5]
	(No symbol) [0x00007FF6C0AF6F77]
	(No symbol) [0x00007FF6C0B0FA42]
	(No symbol) [0x00007FF6C0AEFD43]
	(No symbol) [0x00007FF6C0ABA0D3]
	(No symbol) [0x00007FF6C0ABB461]
	GetHandleVerifier [0x00007FF6C0FB493D+3387213]
	GetHandleVerifier [0x00007FF6C0FC6920+3460912]
	GetHandleVerifier [0x00007FF6C0FBCF2D+3421501]
	GetHandleVerifier [0x00007FF6C0D4CCDB+865003]
	(No symbol) [0x00007FF6C0BEED8F]
	(No symbol) [0x00007FF6C0BEA944]
	(No symbol) [0x00007FF6C0BEAADD]
	(No symbol) [0x00007FF6C0BD8F69]
	BaseThreadInitThunk [0x00007FFFCD5AE8D7+23]
	RtlUserThreadStart [0x00007FFFCE43C34C+44]

Scraping completed. Total items scraped: 0
Data saved to: crawling_data\madlywish_20250607_170012.csv
Driver closed successfully
Starting scraper for shop: madlywish
Data will be saved to: crawling_data\madlywish_20250607_171206.csv
>>>>>>>>>>>>>>>>>>>>>>>>>>> Scraping page 1/1 <<<<<<<<<<<<<<<<<<<<<<<<<<<
Found 36 items on page 1
Processing item 1/36: https://www.etsy.com/listing/4315678927/tooth-fairy-letter-gift-for-kid-first?click_key=a73de6c2ab021f51cd6c18778411e61c8379e7de%3A4315678927&click_sum=2254556b&ref=shop_home_active_1&pro=1&sts=1
Successfully scraped product 'Tooth Fairy Letter Gift for Kid, First Lost Tooth Certificate, Tooth Fairy Receipt Printable, Tooth Fairy Note Printable, Tooth Keepsake' with 53 images
Scraped 10 items so far...
Scraped 20 items so far...
Scraped 30 items so far...
Scraped 40 items so far...
Scraped 50 items so far...
Error processing item 2 on page 1: Message: stale element reference: stale element not found
  (Session info: chrome=132.0.6834.160); For documentation on this error, please visit: https://www.selenium.dev/documentation/webdriver/troubleshooting/errors#stale-element-reference-exception
Stacktrace:
	GetHandleVerifier [0x00007FF6C0C81C35+33349]
	(No symbol) [0x00007FF6C0BE3120]
	(No symbol) [0x00007FF6C0A750FA]
	(No symbol) [0x00007FF6C0A898B4]
	(No symbol) [0x00007FF6C0A883C1]
	(No symbol) [0x00007FF6C0A7CA79]
	(No symbol) [0x00007FF6C0A7A7D2]
	(No symbol) [0x00007FF6C0A7EAAC]
	(No symbol) [0x00007FF6C0A7EB7F]
	(No symbol) [0x00007FF6C0AC8C75]
	(No symbol) [0x00007FF6C0AC95EC]
	(No symbol) [0x00007FF6C0ABC0AC]
	(No symbol) [0x00007FF6C0AEFFDF]
	(No symbol) [0x00007FF6C0ABBF76]
	(No symbol) [0x00007FF6C0AF01B0]
	(No symbol) [0x00007FF6C0B10171]
	(No symbol) [0x00007FF6C0AEFD43]
	(No symbol) [0x00007FF6C0ABA0D3]
	(No symbol) [0x00007FF6C0ABB461]
	GetHandleVerifier [0x00007FF6C0FB493D+3387213]
	GetHandleVerifier [0x00007FF6C0FC6920+3460912]
	GetHandleVerifier [0x00007FF6C0FBCF2D+3421501]
	GetHandleVerifier [0x00007FF6C0D4CCDB+865003]
	(No symbol) [0x00007FF6C0BEED8F]
	(No symbol) [0x00007FF6C0BEA944]
	(No symbol) [0x00007FF6C0BEAADD]
	(No symbol) [0x00007FF6C0BD8F69]
	BaseThreadInitThunk [0x00007FFFCD5AE8D7+23]
	RtlUserThreadStart [0x00007FFFCE43C34C+44]

Error processing item 3 on page 1: Message: stale element reference: stale element not found
  (Session info: chrome=132.0.6834.160); For documentation on this error, please visit: https://www.selenium.dev/documentation/webdriver/troubleshooting/errors#stale-element-reference-exception
Stacktrace:
	GetHandleVerifier [0x00007FF6C0C81C35+33349]
	(No symbol) [0x00007FF6C0BE3120]
	(No symbol) [0x00007FF6C0A750FA]
	(No symbol) [0x00007FF6C0A898B4]
	(No symbol) [0x00007FF6C0A883C1]
	(No symbol) [0x00007FF6C0A7CA79]
	(No symbol) [0x00007FF6C0A7A7D2]
	(No symbol) [0x00007FF6C0A7EAAC]
	(No symbol) [0x00007FF6C0A7EB7F]
	(No symbol) [0x00007FF6C0AC8C75]
	(No symbol) [0x00007FF6C0AC95EC]
	(No symbol) [0x00007FF6C0ABC0AC]
	(No symbol) [0x00007FF6C0AEFFDF]
	(No symbol) [0x00007FF6C0ABBF76]
	(No symbol) [0x00007FF6C0AF01B0]
	(No symbol) [0x00007FF6C0B10171]
	(No symbol) [0x00007FF6C0AEFD43]
	(No symbol) [0x00007FF6C0ABA0D3]
	(No symbol) [0x00007FF6C0ABB461]
	GetHandleVerifier [0x00007FF6C0FB493D+3387213]
	GetHandleVerifier [0x00007FF6C0FC6920+3460912]
	GetHandleVerifier [0x00007FF6C0FBCF2D+3421501]
	GetHandleVerifier [0x00007FF6C0D4CCDB+865003]
	(No symbol) [0x00007FF6C0BEED8F]
	(No symbol) [0x00007FF6C0BEA944]
	(No symbol) [0x00007FF6C0BEAADD]
	(No symbol) [0x00007FF6C0BD8F69]
	BaseThreadInitThunk [0x00007FFFCD5AE8D7+23]
	RtlUserThreadStart [0x00007FFFCE43C34C+44]

Error processing item 4 on page 1: Message: stale element reference: stale element not found
  (Session info: chrome=132.0.6834.160); For documentation on this error, please visit: https://www.selenium.dev/documentation/webdriver/troubleshooting/errors#stale-element-reference-exception
Stacktrace:
	GetHandleVerifier [0x00007FF6C0C81C35+33349]
	(No symbol) [0x00007FF6C0BE3120]
	(No symbol) [0x00007FF6C0A750FA]
	(No symbol) [0x00007FF6C0A898B4]
	(No symbol) [0x00007FF6C0A883C1]
	(No symbol) [0x00007FF6C0A7CA79]
	(No symbol) [0x00007FF6C0A7A7D2]
	(No symbol) [0x00007FF6C0A7EAAC]
	(No symbol) [0x00007FF6C0A7EB7F]
	(No symbol) [0x00007FF6C0AC8C75]
	(No symbol) [0x00007FF6C0AC95EC]
	(No symbol) [0x00007FF6C0ABC0AC]
	(No symbol) [0x00007FF6C0AEFFDF]
	(No symbol) [0x00007FF6C0ABBF76]
	(No symbol) [0x00007FF6C0AF01B0]
	(No symbol) [0x00007FF6C0B10171]
	(No symbol) [0x00007FF6C0AEFD43]
	(No symbol) [0x00007FF6C0ABA0D3]
	(No symbol) [0x00007FF6C0ABB461]
	GetHandleVerifier [0x00007FF6C0FB493D+3387213]
	GetHandleVerifier [0x00007FF6C0FC6920+3460912]
	GetHandleVerifier [0x00007FF6C0FBCF2D+3421501]
	GetHandleVerifier [0x00007FF6C0D4CCDB+865003]
	(No symbol) [0x00007FF6C0BEED8F]
	(No symbol) [0x00007FF6C0BEA944]
	(No symbol) [0x00007FF6C0BEAADD]
	(No symbol) [0x00007FF6C0BD8F69]
	BaseThreadInitThunk [0x00007FFFCD5AE8D7+23]
	RtlUserThreadStart [0x00007FFFCE43C34C+44]

Error processing item 5 on page 1: Message: stale element reference: stale element not found
  (Session info: chrome=132.0.6834.160); For documentation on this error, please visit: https://www.selenium.dev/documentation/webdriver/troubleshooting/errors#stale-element-reference-exception
Stacktrace:
	GetHandleVerifier [0x00007FF6C0C81C35+33349]
	(No symbol) [0x00007FF6C0BE3120]
	(No symbol) [0x00007FF6C0A750FA]
	(No symbol) [0x00007FF6C0A898B4]
	(No symbol) [0x00007FF6C0A883C1]
	(No symbol) [0x00007FF6C0A7CA79]
	(No symbol) [0x00007FF6C0A7A7D2]
	(No symbol) [0x00007FF6C0A7EAAC]
	(No symbol) [0x00007FF6C0A7EB7F]
	(No symbol) [0x00007FF6C0AC8C75]
	(No symbol) [0x00007FF6C0AC95EC]
	(No symbol) [0x00007FF6C0ABC0AC]
	(No symbol) [0x00007FF6C0AEFFDF]
	(No symbol) [0x00007FF6C0ABBF76]
	(No symbol) [0x00007FF6C0AF01B0]
	(No symbol) [0x00007FF6C0B10171]
	(No symbol) [0x00007FF6C0AEFD43]
	(No symbol) [0x00007FF6C0ABA0D3]
	(No symbol) [0x00007FF6C0ABB461]
	GetHandleVerifier [0x00007FF6C0FB493D+3387213]
	GetHandleVerifier [0x00007FF6C0FC6920+3460912]
	GetHandleVerifier [0x00007FF6C0FBCF2D+3421501]
	GetHandleVerifier [0x00007FF6C0D4CCDB+865003]
	(No symbol) [0x00007FF6C0BEED8F]
	(No symbol) [0x00007FF6C0BEA944]
	(No symbol) [0x00007FF6C0BEAADD]
	(No symbol) [0x00007FF6C0BD8F69]
	BaseThreadInitThunk [0x00007FFFCD5AE8D7+23]
	RtlUserThreadStart [0x00007FFFCE43C34C+44]

Error processing item 6 on page 1: Message: stale element reference: stale element not found
  (Session info: chrome=132.0.6834.160); For documentation on this error, please visit: https://www.selenium.dev/documentation/webdriver/troubleshooting/errors#stale-element-reference-exception
Stacktrace:
	GetHandleVerifier [0x00007FF6C0C81C35+33349]
	(No symbol) [0x00007FF6C0BE3120]
	(No symbol) [0x00007FF6C0A750FA]
	(No symbol) [0x00007FF6C0A898B4]
	(No symbol) [0x00007FF6C0A883C1]
	(No symbol) [0x00007FF6C0A7CA79]
	(No symbol) [0x00007FF6C0A7A7D2]
	(No symbol) [0x00007FF6C0A7EAAC]
	(No symbol) [0x00007FF6C0A7EB7F]
	(No symbol) [0x00007FF6C0AC8C75]
	(No symbol) [0x00007FF6C0AC95EC]
	(No symbol) [0x00007FF6C0ABC0AC]
	(No symbol) [0x00007FF6C0AEFFDF]
	(No symbol) [0x00007FF6C0ABBF76]
	(No symbol) [0x00007FF6C0AF01B0]
	(No symbol) [0x00007FF6C0B10171]
	(No symbol) [0x00007FF6C0AEFD43]
	(No symbol) [0x00007FF6C0ABA0D3]
	(No symbol) [0x00007FF6C0ABB461]
	GetHandleVerifier [0x00007FF6C0FB493D+3387213]
	GetHandleVerifier [0x00007FF6C0FC6920+3460912]
	GetHandleVerifier [0x00007FF6C0FBCF2D+3421501]
	GetHandleVerifier [0x00007FF6C0D4CCDB+865003]
	(No symbol) [0x00007FF6C0BEED8F]
	(No symbol) [0x00007FF6C0BEA944]
	(No symbol) [0x00007FF6C0BEAADD]
	(No symbol) [0x00007FF6C0BD8F69]
	BaseThreadInitThunk [0x00007FFFCD5AE8D7+23]
	RtlUserThreadStart [0x00007FFFCE43C34C+44]

Error processing item 7 on page 1: Message: stale element reference: stale element not found
  (Session info: chrome=132.0.6834.160); For documentation on this error, please visit: https://www.selenium.dev/documentation/webdriver/troubleshooting/errors#stale-element-reference-exception
Stacktrace:
	GetHandleVerifier [0x00007FF6C0C81C35+33349]
	(No symbol) [0x00007FF6C0BE3120]
	(No symbol) [0x00007FF6C0A750FA]
	(No symbol) [0x00007FF6C0A898B4]
	(No symbol) [0x00007FF6C0A883C1]
	(No symbol) [0x00007FF6C0A7CA79]
	(No symbol) [0x00007FF6C0A7A7D2]
	(No symbol) [0x00007FF6C0A7EAAC]
	(No symbol) [0x00007FF6C0A7EB7F]
	(No symbol) [0x00007FF6C0AC8C75]
	(No symbol) [0x00007FF6C0AC95EC]
	(No symbol) [0x00007FF6C0ABC0AC]
	(No symbol) [0x00007FF6C0AEFFDF]
	(No symbol) [0x00007FF6C0ABBF76]
	(No symbol) [0x00007FF6C0AF01B0]
	(No symbol) [0x00007FF6C0B10171]
	(No symbol) [0x00007FF6C0AEFD43]
	(No symbol) [0x00007FF6C0ABA0D3]
	(No symbol) [0x00007FF6C0ABB461]
	GetHandleVerifier [0x00007FF6C0FB493D+3387213]
	GetHandleVerifier [0x00007FF6C0FC6920+3460912]
	GetHandleVerifier [0x00007FF6C0FBCF2D+3421501]
	GetHandleVerifier [0x00007FF6C0D4CCDB+865003]
	(No symbol) [0x00007FF6C0BEED8F]
	(No symbol) [0x00007FF6C0BEA944]
	(No symbol) [0x00007FF6C0BEAADD]
	(No symbol) [0x00007FF6C0BD8F69]
	BaseThreadInitThunk [0x00007FFFCD5AE8D7+23]
	RtlUserThreadStart [0x00007FFFCE43C34C+44]

Error processing item 8 on page 1: Message: stale element reference: stale element not found
  (Session info: chrome=132.0.6834.160); For documentation on this error, please visit: https://www.selenium.dev/documentation/webdriver/troubleshooting/errors#stale-element-reference-exception
Stacktrace:
	GetHandleVerifier [0x00007FF6C0C81C35+33349]
	(No symbol) [0x00007FF6C0BE3120]
	(No symbol) [0x00007FF6C0A750FA]
	(No symbol) [0x00007FF6C0A898B4]
	(No symbol) [0x00007FF6C0A883C1]
	(No symbol) [0x00007FF6C0A7CA79]
	(No symbol) [0x00007FF6C0A7A7D2]
	(No symbol) [0x00007FF6C0A7EAAC]
	(No symbol) [0x00007FF6C0A7EB7F]
	(No symbol) [0x00007FF6C0AC8C75]
	(No symbol) [0x00007FF6C0AC95EC]
	(No symbol) [0x00007FF6C0ABC0AC]
	(No symbol) [0x00007FF6C0AEFFDF]
	(No symbol) [0x00007FF6C0ABBF76]
	(No symbol) [0x00007FF6C0AF01B0]
	(No symbol) [0x00007FF6C0B10171]
	(No symbol) [0x00007FF6C0AEFD43]
	(No symbol) [0x00007FF6C0ABA0D3]
	(No symbol) [0x00007FF6C0ABB461]
	GetHandleVerifier [0x00007FF6C0FB493D+3387213]
	GetHandleVerifier [0x00007FF6C0FC6920+3460912]
	GetHandleVerifier [0x00007FF6C0FBCF2D+3421501]
	GetHandleVerifier [0x00007FF6C0D4CCDB+865003]
	(No symbol) [0x00007FF6C0BEED8F]
	(No symbol) [0x00007FF6C0BEA944]
	(No symbol) [0x00007FF6C0BEAADD]
	(No symbol) [0x00007FF6C0BD8F69]
	BaseThreadInitThunk [0x00007FFFCD5AE8D7+23]
	RtlUserThreadStart [0x00007FFFCE43C34C+44]

Error processing item 9 on page 1: Message: stale element reference: stale element not found
  (Session info: chrome=132.0.6834.160); For documentation on this error, please visit: https://www.selenium.dev/documentation/webdriver/troubleshooting/errors#stale-element-reference-exception
Stacktrace:
	GetHandleVerifier [0x00007FF6C0C81C35+33349]
	(No symbol) [0x00007FF6C0BE3120]
	(No symbol) [0x00007FF6C0A750FA]
	(No symbol) [0x00007FF6C0A898B4]
	(No symbol) [0x00007FF6C0A883C1]
	(No symbol) [0x00007FF6C0A7CA79]
	(No symbol) [0x00007FF6C0A7A7D2]
	(No symbol) [0x00007FF6C0A7EAAC]
	(No symbol) [0x00007FF6C0A7EB7F]
	(No symbol) [0x00007FF6C0AC8C75]
	(No symbol) [0x00007FF6C0AC95EC]
	(No symbol) [0x00007FF6C0ABC0AC]
	(No symbol) [0x00007FF6C0AEFFDF]
	(No symbol) [0x00007FF6C0ABBF76]
	(No symbol) [0x00007FF6C0AF01B0]
	(No symbol) [0x00007FF6C0B10171]
	(No symbol) [0x00007FF6C0AEFD43]
	(No symbol) [0x00007FF6C0ABA0D3]
	(No symbol) [0x00007FF6C0ABB461]
	GetHandleVerifier [0x00007FF6C0FB493D+3387213]
	GetHandleVerifier [0x00007FF6C0FC6920+3460912]
	GetHandleVerifier [0x00007FF6C0FBCF2D+3421501]
	GetHandleVerifier [0x00007FF6C0D4CCDB+865003]
	(No symbol) [0x00007FF6C0BEED8F]
	(No symbol) [0x00007FF6C0BEA944]
	(No symbol) [0x00007FF6C0BEAADD]
	(No symbol) [0x00007FF6C0BD8F69]
	BaseThreadInitThunk [0x00007FFFCD5AE8D7+23]
	RtlUserThreadStart [0x00007FFFCE43C34C+44]

Error processing item 10 on page 1: Message: stale element reference: stale element not found
  (Session info: chrome=132.0.6834.160); For documentation on this error, please visit: https://www.selenium.dev/documentation/webdriver/troubleshooting/errors#stale-element-reference-exception
Stacktrace:
	GetHandleVerifier [0x00007FF6C0C81C35+33349]
	(No symbol) [0x00007FF6C0BE3120]
	(No symbol) [0x00007FF6C0A750FA]
	(No symbol) [0x00007FF6C0A898B4]
	(No symbol) [0x00007FF6C0A883C1]
	(No symbol) [0x00007FF6C0A7CA79]
	(No symbol) [0x00007FF6C0A7A7D2]
	(No symbol) [0x00007FF6C0A7EAAC]
	(No symbol) [0x00007FF6C0A7EB7F]
	(No symbol) [0x00007FF6C0AC8C75]
	(No symbol) [0x00007FF6C0AC95EC]
	(No symbol) [0x00007FF6C0ABC0AC]
	(No symbol) [0x00007FF6C0AEFFDF]
	(No symbol) [0x00007FF6C0ABBF76]
	(No symbol) [0x00007FF6C0AF01B0]
	(No symbol) [0x00007FF6C0B10171]
	(No symbol) [0x00007FF6C0AEFD43]
	(No symbol) [0x00007FF6C0ABA0D3]
	(No symbol) [0x00007FF6C0ABB461]
	GetHandleVerifier [0x00007FF6C0FB493D+3387213]
	GetHandleVerifier [0x00007FF6C0FC6920+3460912]
	GetHandleVerifier [0x00007FF6C0FBCF2D+3421501]
	GetHandleVerifier [0x00007FF6C0D4CCDB+865003]
	(No symbol) [0x00007FF6C0BEED8F]
	(No symbol) [0x00007FF6C0BEA944]
	(No symbol) [0x00007FF6C0BEAADD]
	(No symbol) [0x00007FF6C0BD8F69]
	BaseThreadInitThunk [0x00007FFFCD5AE8D7+23]
	RtlUserThreadStart [0x00007FFFCE43C34C+44]

Error processing item 11 on page 1: Message: stale element reference: stale element not found
  (Session info: chrome=132.0.6834.160); For documentation on this error, please visit: https://www.selenium.dev/documentation/webdriver/troubleshooting/errors#stale-element-reference-exception
Stacktrace:
	GetHandleVerifier [0x00007FF6C0C81C35+33349]
	(No symbol) [0x00007FF6C0BE3120]
	(No symbol) [0x00007FF6C0A750FA]
	(No symbol) [0x00007FF6C0A898B4]
	(No symbol) [0x00007FF6C0A883C1]
	(No symbol) [0x00007FF6C0A7CA79]
	(No symbol) [0x00007FF6C0A7A7D2]
	(No symbol) [0x00007FF6C0A7EAAC]
	(No symbol) [0x00007FF6C0A7EB7F]
	(No symbol) [0x00007FF6C0AC8C75]
	(No symbol) [0x00007FF6C0AC95EC]
	(No symbol) [0x00007FF6C0ABC0AC]
	(No symbol) [0x00007FF6C0AEFFDF]
	(No symbol) [0x00007FF6C0ABBF76]
	(No symbol) [0x00007FF6C0AF01B0]
	(No symbol) [0x00007FF6C0B10171]
	(No symbol) [0x00007FF6C0AEFD43]
	(No symbol) [0x00007FF6C0ABA0D3]
	(No symbol) [0x00007FF6C0ABB461]
	GetHandleVerifier [0x00007FF6C0FB493D+3387213]
	GetHandleVerifier [0x00007FF6C0FC6920+3460912]
	GetHandleVerifier [0x00007FF6C0FBCF2D+3421501]
	GetHandleVerifier [0x00007FF6C0D4CCDB+865003]
	(No symbol) [0x00007FF6C0BEED8F]
	(No symbol) [0x00007FF6C0BEA944]
	(No symbol) [0x00007FF6C0BEAADD]
	(No symbol) [0x00007FF6C0BD8F69]
	BaseThreadInitThunk [0x00007FFFCD5AE8D7+23]
	RtlUserThreadStart [0x00007FFFCE43C34C+44]

Error processing item 12 on page 1: Message: stale element reference: stale element not found
  (Session info: chrome=132.0.6834.160); For documentation on this error, please visit: https://www.selenium.dev/documentation/webdriver/troubleshooting/errors#stale-element-reference-exception
Stacktrace:
	GetHandleVerifier [0x00007FF6C0C81C35+33349]
	(No symbol) [0x00007FF6C0BE3120]
	(No symbol) [0x00007FF6C0A750FA]
	(No symbol) [0x00007FF6C0A898B4]
	(No symbol) [0x00007FF6C0A883C1]
	(No symbol) [0x00007FF6C0A7CA79]
	(No symbol) [0x00007FF6C0A7A7D2]
	(No symbol) [0x00007FF6C0A7EAAC]
	(No symbol) [0x00007FF6C0A7EB7F]
	(No symbol) [0x00007FF6C0AC8C75]
	(No symbol) [0x00007FF6C0AC95EC]
	(No symbol) [0x00007FF6C0ABC0AC]
	(No symbol) [0x00007FF6C0AEFFDF]
	(No symbol) [0x00007FF6C0ABBF76]
	(No symbol) [0x00007FF6C0AF01B0]
	(No symbol) [0x00007FF6C0B10171]
	(No symbol) [0x00007FF6C0AEFD43]
	(No symbol) [0x00007FF6C0ABA0D3]
	(No symbol) [0x00007FF6C0ABB461]
	GetHandleVerifier [0x00007FF6C0FB493D+3387213]
	GetHandleVerifier [0x00007FF6C0FC6920+3460912]
	GetHandleVerifier [0x00007FF6C0FBCF2D+3421501]
	GetHandleVerifier [0x00007FF6C0D4CCDB+865003]
	(No symbol) [0x00007FF6C0BEED8F]
	(No symbol) [0x00007FF6C0BEA944]
	(No symbol) [0x00007FF6C0BEAADD]
	(No symbol) [0x00007FF6C0BD8F69]
	BaseThreadInitThunk [0x00007FFFCD5AE8D7+23]
	RtlUserThreadStart [0x00007FFFCE43C34C+44]

Error processing item 13 on page 1: Message: stale element reference: stale element not found
  (Session info: chrome=132.0.6834.160); For documentation on this error, please visit: https://www.selenium.dev/documentation/webdriver/troubleshooting/errors#stale-element-reference-exception
Stacktrace:
	GetHandleVerifier [0x00007FF6C0C81C35+33349]
	(No symbol) [0x00007FF6C0BE3120]
	(No symbol) [0x00007FF6C0A750FA]
	(No symbol) [0x00007FF6C0A898B4]
	(No symbol) [0x00007FF6C0A883C1]
	(No symbol) [0x00007FF6C0A7CA79]
	(No symbol) [0x00007FF6C0A7A7D2]
	(No symbol) [0x00007FF6C0A7EAAC]
	(No symbol) [0x00007FF6C0A7EB7F]
	(No symbol) [0x00007FF6C0AC8C75]
	(No symbol) [0x00007FF6C0AC95EC]
	(No symbol) [0x00007FF6C0ABC0AC]
	(No symbol) [0x00007FF6C0AEFFDF]
	(No symbol) [0x00007FF6C0ABBF76]
	(No symbol) [0x00007FF6C0AF01B0]
	(No symbol) [0x00007FF6C0B10171]
	(No symbol) [0x00007FF6C0AEFD43]
	(No symbol) [0x00007FF6C0ABA0D3]
	(No symbol) [0x00007FF6C0ABB461]
	GetHandleVerifier [0x00007FF6C0FB493D+3387213]
	GetHandleVerifier [0x00007FF6C0FC6920+3460912]
	GetHandleVerifier [0x00007FF6C0FBCF2D+3421501]
	GetHandleVerifier [0x00007FF6C0D4CCDB+865003]
	(No symbol) [0x00007FF6C0BEED8F]
	(No symbol) [0x00007FF6C0BEA944]
	(No symbol) [0x00007FF6C0BEAADD]
	(No symbol) [0x00007FF6C0BD8F69]
	BaseThreadInitThunk [0x00007FFFCD5AE8D7+23]
	RtlUserThreadStart [0x00007FFFCE43C34C+44]

Error processing item 14 on page 1: Message: stale element reference: stale element not found
  (Session info: chrome=132.0.6834.160); For documentation on this error, please visit: https://www.selenium.dev/documentation/webdriver/troubleshooting/errors#stale-element-reference-exception
Stacktrace:
	GetHandleVerifier [0x00007FF6C0C81C35+33349]
	(No symbol) [0x00007FF6C0BE3120]
	(No symbol) [0x00007FF6C0A750FA]
	(No symbol) [0x00007FF6C0A898B4]
	(No symbol) [0x00007FF6C0A883C1]
	(No symbol) [0x00007FF6C0A7CA79]
	(No symbol) [0x00007FF6C0A7A7D2]
	(No symbol) [0x00007FF6C0A7EAAC]
	(No symbol) [0x00007FF6C0A7EB7F]
	(No symbol) [0x00007FF6C0AC8C75]
	(No symbol) [0x00007FF6C0AC95EC]
	(No symbol) [0x00007FF6C0ABC0AC]
	(No symbol) [0x00007FF6C0AEFFDF]
	(No symbol) [0x00007FF6C0ABBF76]
	(No symbol) [0x00007FF6C0AF01B0]
	(No symbol) [0x00007FF6C0B10171]
	(No symbol) [0x00007FF6C0AEFD43]
	(No symbol) [0x00007FF6C0ABA0D3]
	(No symbol) [0x00007FF6C0ABB461]
	GetHandleVerifier [0x00007FF6C0FB493D+3387213]
	GetHandleVerifier [0x00007FF6C0FC6920+3460912]
	GetHandleVerifier [0x00007FF6C0FBCF2D+3421501]
	GetHandleVerifier [0x00007FF6C0D4CCDB+865003]
	(No symbol) [0x00007FF6C0BEED8F]
	(No symbol) [0x00007FF6C0BEA944]
	(No symbol) [0x00007FF6C0BEAADD]
	(No symbol) [0x00007FF6C0BD8F69]
	BaseThreadInitThunk [0x00007FFFCD5AE8D7+23]
	RtlUserThreadStart [0x00007FFFCE43C34C+44]

Error processing item 15 on page 1: Message: stale element reference: stale element not found
  (Session info: chrome=132.0.6834.160); For documentation on this error, please visit: https://www.selenium.dev/documentation/webdriver/troubleshooting/errors#stale-element-reference-exception
Stacktrace:
	GetHandleVerifier [0x00007FF6C0C81C35+33349]
	(No symbol) [0x00007FF6C0BE3120]
	(No symbol) [0x00007FF6C0A750FA]
	(No symbol) [0x00007FF6C0A898B4]
	(No symbol) [0x00007FF6C0A883C1]
	(No symbol) [0x00007FF6C0A7CA79]
	(No symbol) [0x00007FF6C0A7A7D2]
	(No symbol) [0x00007FF6C0A7EAAC]
	(No symbol) [0x00007FF6C0A7EB7F]
	(No symbol) [0x00007FF6C0AC8C75]
	(No symbol) [0x00007FF6C0AC95EC]
	(No symbol) [0x00007FF6C0ABC0AC]
	(No symbol) [0x00007FF6C0AEFFDF]
	(No symbol) [0x00007FF6C0ABBF76]
	(No symbol) [0x00007FF6C0AF01B0]
	(No symbol) [0x00007FF6C0B10171]
	(No symbol) [0x00007FF6C0AEFD43]
	(No symbol) [0x00007FF6C0ABA0D3]
	(No symbol) [0x00007FF6C0ABB461]
	GetHandleVerifier [0x00007FF6C0FB493D+3387213]
	GetHandleVerifier [0x00007FF6C0FC6920+3460912]
	GetHandleVerifier [0x00007FF6C0FBCF2D+3421501]
	GetHandleVerifier [0x00007FF6C0D4CCDB+865003]
	(No symbol) [0x00007FF6C0BEED8F]
	(No symbol) [0x00007FF6C0BEA944]
	(No symbol) [0x00007FF6C0BEAADD]
	(No symbol) [0x00007FF6C0BD8F69]
	BaseThreadInitThunk [0x00007FFFCD5AE8D7+23]
	RtlUserThreadStart [0x00007FFFCE43C34C+44]

Error processing item 16 on page 1: Message: stale element reference: stale element not found
  (Session info: chrome=132.0.6834.160); For documentation on this error, please visit: https://www.selenium.dev/documentation/webdriver/troubleshooting/errors#stale-element-reference-exception
Stacktrace:
	GetHandleVerifier [0x00007FF6C0C81C35+33349]
	(No symbol) [0x00007FF6C0BE3120]
	(No symbol) [0x00007FF6C0A750FA]
	(No symbol) [0x00007FF6C0A898B4]
	(No symbol) [0x00007FF6C0A883C1]
	(No symbol) [0x00007FF6C0A7CA79]
	(No symbol) [0x00007FF6C0A7A7D2]
	(No symbol) [0x00007FF6C0A7EAAC]
	(No symbol) [0x00007FF6C0A7EB7F]
	(No symbol) [0x00007FF6C0AC8C75]
	(No symbol) [0x00007FF6C0AC95EC]
	(No symbol) [0x00007FF6C0ABC0AC]
	(No symbol) [0x00007FF6C0AEFFDF]
	(No symbol) [0x00007FF6C0ABBF76]
	(No symbol) [0x00007FF6C0AF01B0]
	(No symbol) [0x00007FF6C0B10171]
	(No symbol) [0x00007FF6C0AEFD43]
	(No symbol) [0x00007FF6C0ABA0D3]
	(No symbol) [0x00007FF6C0ABB461]
	GetHandleVerifier [0x00007FF6C0FB493D+3387213]
	GetHandleVerifier [0x00007FF6C0FC6920+3460912]
	GetHandleVerifier [0x00007FF6C0FBCF2D+3421501]
	GetHandleVerifier [0x00007FF6C0D4CCDB+865003]
	(No symbol) [0x00007FF6C0BEED8F]
	(No symbol) [0x00007FF6C0BEA944]
	(No symbol) [0x00007FF6C0BEAADD]
	(No symbol) [0x00007FF6C0BD8F69]
	BaseThreadInitThunk [0x00007FFFCD5AE8D7+23]
	RtlUserThreadStart [0x00007FFFCE43C34C+44]

Error processing item 17 on page 1: Message: stale element reference: stale element not found
  (Session info: chrome=132.0.6834.160); For documentation on this error, please visit: https://www.selenium.dev/documentation/webdriver/troubleshooting/errors#stale-element-reference-exception
Stacktrace:
	GetHandleVerifier [0x00007FF6C0C81C35+33349]
	(No symbol) [0x00007FF6C0BE3120]
	(No symbol) [0x00007FF6C0A750FA]
	(No symbol) [0x00007FF6C0A898B4]
	(No symbol) [0x00007FF6C0A883C1]
	(No symbol) [0x00007FF6C0A7CA79]
	(No symbol) [0x00007FF6C0A7A7D2]
	(No symbol) [0x00007FF6C0A7EAAC]
	(No symbol) [0x00007FF6C0A7EB7F]
	(No symbol) [0x00007FF6C0AC8C75]
	(No symbol) [0x00007FF6C0AC95EC]
	(No symbol) [0x00007FF6C0ABC0AC]
	(No symbol) [0x00007FF6C0AEFFDF]
	(No symbol) [0x00007FF6C0ABBF76]
	(No symbol) [0x00007FF6C0AF01B0]
	(No symbol) [0x00007FF6C0B10171]
	(No symbol) [0x00007FF6C0AEFD43]
	(No symbol) [0x00007FF6C0ABA0D3]
	(No symbol) [0x00007FF6C0ABB461]
	GetHandleVerifier [0x00007FF6C0FB493D+3387213]
	GetHandleVerifier [0x00007FF6C0FC6920+3460912]
	GetHandleVerifier [0x00007FF6C0FBCF2D+3421501]
	GetHandleVerifier [0x00007FF6C0D4CCDB+865003]
	(No symbol) [0x00007FF6C0BEED8F]
	(No symbol) [0x00007FF6C0BEA944]
	(No symbol) [0x00007FF6C0BEAADD]
	(No symbol) [0x00007FF6C0BD8F69]
	BaseThreadInitThunk [0x00007FFFCD5AE8D7+23]
	RtlUserThreadStart [0x00007FFFCE43C34C+44]

Error processing item 18 on page 1: Message: stale element reference: stale element not found
  (Session info: chrome=132.0.6834.160); For documentation on this error, please visit: https://www.selenium.dev/documentation/webdriver/troubleshooting/errors#stale-element-reference-exception
Stacktrace:
	GetHandleVerifier [0x00007FF6C0C81C35+33349]
	(No symbol) [0x00007FF6C0BE3120]
	(No symbol) [0x00007FF6C0A750FA]
	(No symbol) [0x00007FF6C0A898B4]
	(No symbol) [0x00007FF6C0A883C1]
	(No symbol) [0x00007FF6C0A7CA79]
	(No symbol) [0x00007FF6C0A7A7D2]
	(No symbol) [0x00007FF6C0A7EAAC]
	(No symbol) [0x00007FF6C0A7EB7F]
	(No symbol) [0x00007FF6C0AC8C75]
	(No symbol) [0x00007FF6C0AC95EC]
	(No symbol) [0x00007FF6C0ABC0AC]
	(No symbol) [0x00007FF6C0AEFFDF]
	(No symbol) [0x00007FF6C0ABBF76]
	(No symbol) [0x00007FF6C0AF01B0]
	(No symbol) [0x00007FF6C0B10171]
	(No symbol) [0x00007FF6C0AEFD43]
	(No symbol) [0x00007FF6C0ABA0D3]
	(No symbol) [0x00007FF6C0ABB461]
	GetHandleVerifier [0x00007FF6C0FB493D+3387213]
	GetHandleVerifier [0x00007FF6C0FC6920+3460912]
	GetHandleVerifier [0x00007FF6C0FBCF2D+3421501]
	GetHandleVerifier [0x00007FF6C0D4CCDB+865003]
	(No symbol) [0x00007FF6C0BEED8F]
	(No symbol) [0x00007FF6C0BEA944]
	(No symbol) [0x00007FF6C0BEAADD]
	(No symbol) [0x00007FF6C0BD8F69]
	BaseThreadInitThunk [0x00007FFFCD5AE8D7+23]
	RtlUserThreadStart [0x00007FFFCE43C34C+44]

Error processing item 19 on page 1: Message: stale element reference: stale element not found
  (Session info: chrome=132.0.6834.160); For documentation on this error, please visit: https://www.selenium.dev/documentation/webdriver/troubleshooting/errors#stale-element-reference-exception
Stacktrace:
	GetHandleVerifier [0x00007FF6C0C81C35+33349]
	(No symbol) [0x00007FF6C0BE3120]
	(No symbol) [0x00007FF6C0A750FA]
	(No symbol) [0x00007FF6C0A898B4]
	(No symbol) [0x00007FF6C0A883C1]
	(No symbol) [0x00007FF6C0A7CA79]
	(No symbol) [0x00007FF6C0A7A7D2]
	(No symbol) [0x00007FF6C0A7EAAC]
	(No symbol) [0x00007FF6C0A7EB7F]
	(No symbol) [0x00007FF6C0AC8C75]
	(No symbol) [0x00007FF6C0AC95EC]
	(No symbol) [0x00007FF6C0ABC0AC]
	(No symbol) [0x00007FF6C0AEFFDF]
	(No symbol) [0x00007FF6C0ABBF76]
	(No symbol) [0x00007FF6C0AF01B0]
	(No symbol) [0x00007FF6C0B10171]
	(No symbol) [0x00007FF6C0AEFD43]
	(No symbol) [0x00007FF6C0ABA0D3]
	(No symbol) [0x00007FF6C0ABB461]
	GetHandleVerifier [0x00007FF6C0FB493D+3387213]
	GetHandleVerifier [0x00007FF6C0FC6920+3460912]
	GetHandleVerifier [0x00007FF6C0FBCF2D+3421501]
	GetHandleVerifier [0x00007FF6C0D4CCDB+865003]
	(No symbol) [0x00007FF6C0BEED8F]
	(No symbol) [0x00007FF6C0BEA944]
	(No symbol) [0x00007FF6C0BEAADD]
	(No symbol) [0x00007FF6C0BD8F69]
	BaseThreadInitThunk [0x00007FFFCD5AE8D7+23]
	RtlUserThreadStart [0x00007FFFCE43C34C+44]

Error processing item 20 on page 1: Message: stale element reference: stale element not found
  (Session info: chrome=132.0.6834.160); For documentation on this error, please visit: https://www.selenium.dev/documentation/webdriver/troubleshooting/errors#stale-element-reference-exception
Stacktrace:
	GetHandleVerifier [0x00007FF6C0C81C35+33349]
	(No symbol) [0x00007FF6C0BE3120]
	(No symbol) [0x00007FF6C0A750FA]
	(No symbol) [0x00007FF6C0A898B4]
	(No symbol) [0x00007FF6C0A883C1]
	(No symbol) [0x00007FF6C0A7CA79]
	(No symbol) [0x00007FF6C0A7A7D2]
	(No symbol) [0x00007FF6C0A7EAAC]
	(No symbol) [0x00007FF6C0A7EB7F]
	(No symbol) [0x00007FF6C0AC8C75]
	(No symbol) [0x00007FF6C0AC95EC]
	(No symbol) [0x00007FF6C0ABC0AC]
	(No symbol) [0x00007FF6C0AEFFDF]
	(No symbol) [0x00007FF6C0ABBF76]
	(No symbol) [0x00007FF6C0AF01B0]
	(No symbol) [0x00007FF6C0B10171]
	(No symbol) [0x00007FF6C0AEFD43]
	(No symbol) [0x00007FF6C0ABA0D3]
	(No symbol) [0x00007FF6C0ABB461]
	GetHandleVerifier [0x00007FF6C0FB493D+3387213]
	GetHandleVerifier [0x00007FF6C0FC6920+3460912]
	GetHandleVerifier [0x00007FF6C0FBCF2D+3421501]
	GetHandleVerifier [0x00007FF6C0D4CCDB+865003]
	(No symbol) [0x00007FF6C0BEED8F]
	(No symbol) [0x00007FF6C0BEA944]
	(No symbol) [0x00007FF6C0BEAADD]
	(No symbol) [0x00007FF6C0BD8F69]
	BaseThreadInitThunk [0x00007FFFCD5AE8D7+23]
	RtlUserThreadStart [0x00007FFFCE43C34C+44]

Error processing item 21 on page 1: Message: stale element reference: stale element not found
  (Session info: chrome=132.0.6834.160); For documentation on this error, please visit: https://www.selenium.dev/documentation/webdriver/troubleshooting/errors#stale-element-reference-exception
Stacktrace:
	GetHandleVerifier [0x00007FF6C0C81C35+33349]
	(No symbol) [0x00007FF6C0BE3120]
	(No symbol) [0x00007FF6C0A750FA]
	(No symbol) [0x00007FF6C0A898B4]
	(No symbol) [0x00007FF6C0A883C1]
	(No symbol) [0x00007FF6C0A7CA79]
	(No symbol) [0x00007FF6C0A7A7D2]
	(No symbol) [0x00007FF6C0A7EAAC]
	(No symbol) [0x00007FF6C0A7EB7F]
	(No symbol) [0x00007FF6C0AC8C75]
	(No symbol) [0x00007FF6C0AC95EC]
	(No symbol) [0x00007FF6C0ABC0AC]
	(No symbol) [0x00007FF6C0AEFFDF]
	(No symbol) [0x00007FF6C0ABBF76]
	(No symbol) [0x00007FF6C0AF01B0]
	(No symbol) [0x00007FF6C0B10171]
	(No symbol) [0x00007FF6C0AEFD43]
	(No symbol) [0x00007FF6C0ABA0D3]
	(No symbol) [0x00007FF6C0ABB461]
	GetHandleVerifier [0x00007FF6C0FB493D+3387213]
	GetHandleVerifier [0x00007FF6C0FC6920+3460912]
	GetHandleVerifier [0x00007FF6C0FBCF2D+3421501]
	GetHandleVerifier [0x00007FF6C0D4CCDB+865003]
	(No symbol) [0x00007FF6C0BEED8F]
	(No symbol) [0x00007FF6C0BEA944]
	(No symbol) [0x00007FF6C0BEAADD]
	(No symbol) [0x00007FF6C0BD8F69]
	BaseThreadInitThunk [0x00007FFFCD5AE8D7+23]
	RtlUserThreadStart [0x00007FFFCE43C34C+44]

Error processing item 22 on page 1: Message: stale element reference: stale element not found
  (Session info: chrome=132.0.6834.160); For documentation on this error, please visit: https://www.selenium.dev/documentation/webdriver/troubleshooting/errors#stale-element-reference-exception
Stacktrace:
	GetHandleVerifier [0x00007FF6C0C81C35+33349]
	(No symbol) [0x00007FF6C0BE3120]
	(No symbol) [0x00007FF6C0A750FA]
	(No symbol) [0x00007FF6C0A898B4]
	(No symbol) [0x00007FF6C0A883C1]
	(No symbol) [0x00007FF6C0A7CA79]
	(No symbol) [0x00007FF6C0A7A7D2]
	(No symbol) [0x00007FF6C0A7EAAC]
	(No symbol) [0x00007FF6C0A7EB7F]
	(No symbol) [0x00007FF6C0AC8C75]
	(No symbol) [0x00007FF6C0AC95EC]
	(No symbol) [0x00007FF6C0ABC0AC]
	(No symbol) [0x00007FF6C0AEFFDF]
	(No symbol) [0x00007FF6C0ABBF76]
	(No symbol) [0x00007FF6C0AF01B0]
	(No symbol) [0x00007FF6C0B10171]
	(No symbol) [0x00007FF6C0AEFD43]
	(No symbol) [0x00007FF6C0ABA0D3]
	(No symbol) [0x00007FF6C0ABB461]
	GetHandleVerifier [0x00007FF6C0FB493D+3387213]
	GetHandleVerifier [0x00007FF6C0FC6920+3460912]
	GetHandleVerifier [0x00007FF6C0FBCF2D+3421501]
	GetHandleVerifier [0x00007FF6C0D4CCDB+865003]
	(No symbol) [0x00007FF6C0BEED8F]
	(No symbol) [0x00007FF6C0BEA944]
	(No symbol) [0x00007FF6C0BEAADD]
	(No symbol) [0x00007FF6C0BD8F69]
	BaseThreadInitThunk [0x00007FFFCD5AE8D7+23]
	RtlUserThreadStart [0x00007FFFCE43C34C+44]

Error processing item 23 on page 1: Message: stale element reference: stale element not found
  (Session info: chrome=132.0.6834.160); For documentation on this error, please visit: https://www.selenium.dev/documentation/webdriver/troubleshooting/errors#stale-element-reference-exception
Stacktrace:
	GetHandleVerifier [0x00007FF6C0C81C35+33349]
	(No symbol) [0x00007FF6C0BE3120]
	(No symbol) [0x00007FF6C0A750FA]
	(No symbol) [0x00007FF6C0A898B4]
	(No symbol) [0x00007FF6C0A883C1]
	(No symbol) [0x00007FF6C0A7CA79]
	(No symbol) [0x00007FF6C0A7A7D2]
	(No symbol) [0x00007FF6C0A7EAAC]
	(No symbol) [0x00007FF6C0A7EB7F]
	(No symbol) [0x00007FF6C0AC8C75]
	(No symbol) [0x00007FF6C0AC95EC]
	(No symbol) [0x00007FF6C0ABC0AC]
	(No symbol) [0x00007FF6C0AEFFDF]
	(No symbol) [0x00007FF6C0ABBF76]
	(No symbol) [0x00007FF6C0AF01B0]
	(No symbol) [0x00007FF6C0B10171]
	(No symbol) [0x00007FF6C0AEFD43]
	(No symbol) [0x00007FF6C0ABA0D3]
	(No symbol) [0x00007FF6C0ABB461]
	GetHandleVerifier [0x00007FF6C0FB493D+3387213]
	GetHandleVerifier [0x00007FF6C0FC6920+3460912]
	GetHandleVerifier [0x00007FF6C0FBCF2D+3421501]
	GetHandleVerifier [0x00007FF6C0D4CCDB+865003]
	(No symbol) [0x00007FF6C0BEED8F]
	(No symbol) [0x00007FF6C0BEA944]
	(No symbol) [0x00007FF6C0BEAADD]
	(No symbol) [0x00007FF6C0BD8F69]
	BaseThreadInitThunk [0x00007FFFCD5AE8D7+23]
	RtlUserThreadStart [0x00007FFFCE43C34C+44]

Error processing item 24 on page 1: Message: stale element reference: stale element not found
  (Session info: chrome=132.0.6834.160); For documentation on this error, please visit: https://www.selenium.dev/documentation/webdriver/troubleshooting/errors#stale-element-reference-exception
Stacktrace:
	GetHandleVerifier [0x00007FF6C0C81C35+33349]
	(No symbol) [0x00007FF6C0BE3120]
	(No symbol) [0x00007FF6C0A750FA]
	(No symbol) [0x00007FF6C0A898B4]
	(No symbol) [0x00007FF6C0A883C1]
	(No symbol) [0x00007FF6C0A7CA79]
	(No symbol) [0x00007FF6C0A7A7D2]
	(No symbol) [0x00007FF6C0A7EAAC]
	(No symbol) [0x00007FF6C0A7EB7F]
	(No symbol) [0x00007FF6C0AC8C75]
	(No symbol) [0x00007FF6C0AC95EC]
	(No symbol) [0x00007FF6C0ABC0AC]
	(No symbol) [0x00007FF6C0AEFFDF]
	(No symbol) [0x00007FF6C0ABBF76]
	(No symbol) [0x00007FF6C0AF01B0]
	(No symbol) [0x00007FF6C0B10171]
	(No symbol) [0x00007FF6C0AEFD43]
	(No symbol) [0x00007FF6C0ABA0D3]
	(No symbol) [0x00007FF6C0ABB461]
	GetHandleVerifier [0x00007FF6C0FB493D+3387213]
	GetHandleVerifier [0x00007FF6C0FC6920+3460912]
	GetHandleVerifier [0x00007FF6C0FBCF2D+3421501]
	GetHandleVerifier [0x00007FF6C0D4CCDB+865003]
	(No symbol) [0x00007FF6C0BEED8F]
	(No symbol) [0x00007FF6C0BEA944]
	(No symbol) [0x00007FF6C0BEAADD]
	(No symbol) [0x00007FF6C0BD8F69]
	BaseThreadInitThunk [0x00007FFFCD5AE8D7+23]
	RtlUserThreadStart [0x00007FFFCE43C34C+44]

Error processing item 25 on page 1: Message: stale element reference: stale element not found
  (Session info: chrome=132.0.6834.160); For documentation on this error, please visit: https://www.selenium.dev/documentation/webdriver/troubleshooting/errors#stale-element-reference-exception
Stacktrace:
	GetHandleVerifier [0x00007FF6C0C81C35+33349]
	(No symbol) [0x00007FF6C0BE3120]
	(No symbol) [0x00007FF6C0A750FA]
	(No symbol) [0x00007FF6C0A898B4]
	(No symbol) [0x00007FF6C0A883C1]
	(No symbol) [0x00007FF6C0A7CA79]
	(No symbol) [0x00007FF6C0A7A7D2]
	(No symbol) [0x00007FF6C0A7EAAC]
	(No symbol) [0x00007FF6C0A7EB7F]
	(No symbol) [0x00007FF6C0AC8C75]
	(No symbol) [0x00007FF6C0AC95EC]
	(No symbol) [0x00007FF6C0ABC0AC]
	(No symbol) [0x00007FF6C0AEFFDF]
	(No symbol) [0x00007FF6C0ABBF76]
	(No symbol) [0x00007FF6C0AF01B0]
	(No symbol) [0x00007FF6C0B10171]
	(No symbol) [0x00007FF6C0AEFD43]
	(No symbol) [0x00007FF6C0ABA0D3]
	(No symbol) [0x00007FF6C0ABB461]
	GetHandleVerifier [0x00007FF6C0FB493D+3387213]
	GetHandleVerifier [0x00007FF6C0FC6920+3460912]
	GetHandleVerifier [0x00007FF6C0FBCF2D+3421501]
	GetHandleVerifier [0x00007FF6C0D4CCDB+865003]
	(No symbol) [0x00007FF6C0BEED8F]
	(No symbol) [0x00007FF6C0BEA944]
	(No symbol) [0x00007FF6C0BEAADD]
	(No symbol) [0x00007FF6C0BD8F69]
	BaseThreadInitThunk [0x00007FFFCD5AE8D7+23]
	RtlUserThreadStart [0x00007FFFCE43C34C+44]

Error processing item 26 on page 1: Message: stale element reference: stale element not found
  (Session info: chrome=132.0.6834.160); For documentation on this error, please visit: https://www.selenium.dev/documentation/webdriver/troubleshooting/errors#stale-element-reference-exception
Stacktrace:
	GetHandleVerifier [0x00007FF6C0C81C35+33349]
	(No symbol) [0x00007FF6C0BE3120]
	(No symbol) [0x00007FF6C0A750FA]
	(No symbol) [0x00007FF6C0A898B4]
	(No symbol) [0x00007FF6C0A883C1]
	(No symbol) [0x00007FF6C0A7CA79]
	(No symbol) [0x00007FF6C0A7A7D2]
	(No symbol) [0x00007FF6C0A7EAAC]
	(No symbol) [0x00007FF6C0A7EB7F]
	(No symbol) [0x00007FF6C0AC8C75]
	(No symbol) [0x00007FF6C0AC95EC]
	(No symbol) [0x00007FF6C0ABC0AC]
	(No symbol) [0x00007FF6C0AEFFDF]
	(No symbol) [0x00007FF6C0ABBF76]
	(No symbol) [0x00007FF6C0AF01B0]
	(No symbol) [0x00007FF6C0B10171]
	(No symbol) [0x00007FF6C0AEFD43]
	(No symbol) [0x00007FF6C0ABA0D3]
	(No symbol) [0x00007FF6C0ABB461]
	GetHandleVerifier [0x00007FF6C0FB493D+3387213]
	GetHandleVerifier [0x00007FF6C0FC6920+3460912]
	GetHandleVerifier [0x00007FF6C0FBCF2D+3421501]
	GetHandleVerifier [0x00007FF6C0D4CCDB+865003]
	(No symbol) [0x00007FF6C0BEED8F]
	(No symbol) [0x00007FF6C0BEA944]
	(No symbol) [0x00007FF6C0BEAADD]
	(No symbol) [0x00007FF6C0BD8F69]
	BaseThreadInitThunk [0x00007FFFCD5AE8D7+23]
	RtlUserThreadStart [0x00007FFFCE43C34C+44]

Error processing item 27 on page 1: Message: stale element reference: stale element not found
  (Session info: chrome=132.0.6834.160); For documentation on this error, please visit: https://www.selenium.dev/documentation/webdriver/troubleshooting/errors#stale-element-reference-exception
Stacktrace:
	GetHandleVerifier [0x00007FF6C0C81C35+33349]
	(No symbol) [0x00007FF6C0BE3120]
	(No symbol) [0x00007FF6C0A750FA]
	(No symbol) [0x00007FF6C0A898B4]
	(No symbol) [0x00007FF6C0A883C1]
	(No symbol) [0x00007FF6C0A7CA79]
	(No symbol) [0x00007FF6C0A7A7D2]
	(No symbol) [0x00007FF6C0A7EAAC]
	(No symbol) [0x00007FF6C0A7EB7F]
	(No symbol) [0x00007FF6C0AC8C75]
	(No symbol) [0x00007FF6C0AC95EC]
	(No symbol) [0x00007FF6C0ABC0AC]
	(No symbol) [0x00007FF6C0AEFFDF]
	(No symbol) [0x00007FF6C0ABBF76]
	(No symbol) [0x00007FF6C0AF01B0]
	(No symbol) [0x00007FF6C0B10171]
	(No symbol) [0x00007FF6C0AEFD43]
	(No symbol) [0x00007FF6C0ABA0D3]
	(No symbol) [0x00007FF6C0ABB461]
	GetHandleVerifier [0x00007FF6C0FB493D+3387213]
	GetHandleVerifier [0x00007FF6C0FC6920+3460912]
	GetHandleVerifier [0x00007FF6C0FBCF2D+3421501]
	GetHandleVerifier [0x00007FF6C0D4CCDB+865003]
	(No symbol) [0x00007FF6C0BEED8F]
	(No symbol) [0x00007FF6C0BEA944]
	(No symbol) [0x00007FF6C0BEAADD]
	(No symbol) [0x00007FF6C0BD8F69]
	BaseThreadInitThunk [0x00007FFFCD5AE8D7+23]
	RtlUserThreadStart [0x00007FFFCE43C34C+44]

Error processing item 28 on page 1: Message: stale element reference: stale element not found
  (Session info: chrome=132.0.6834.160); For documentation on this error, please visit: https://www.selenium.dev/documentation/webdriver/troubleshooting/errors#stale-element-reference-exception
Stacktrace:
	GetHandleVerifier [0x00007FF6C0C81C35+33349]
	(No symbol) [0x00007FF6C0BE3120]
	(No symbol) [0x00007FF6C0A750FA]
	(No symbol) [0x00007FF6C0A898B4]
	(No symbol) [0x00007FF6C0A883C1]
	(No symbol) [0x00007FF6C0A7CA79]
	(No symbol) [0x00007FF6C0A7A7D2]
	(No symbol) [0x00007FF6C0A7EAAC]
	(No symbol) [0x00007FF6C0A7EB7F]
	(No symbol) [0x00007FF6C0AC8C75]
	(No symbol) [0x00007FF6C0AC95EC]
	(No symbol) [0x00007FF6C0ABC0AC]
	(No symbol) [0x00007FF6C0AEFFDF]
	(No symbol) [0x00007FF6C0ABBF76]
	(No symbol) [0x00007FF6C0AF01B0]
	(No symbol) [0x00007FF6C0B10171]
	(No symbol) [0x00007FF6C0AEFD43]
	(No symbol) [0x00007FF6C0ABA0D3]
	(No symbol) [0x00007FF6C0ABB461]
	GetHandleVerifier [0x00007FF6C0FB493D+3387213]
	GetHandleVerifier [0x00007FF6C0FC6920+3460912]
	GetHandleVerifier [0x00007FF6C0FBCF2D+3421501]
	GetHandleVerifier [0x00007FF6C0D4CCDB+865003]
	(No symbol) [0x00007FF6C0BEED8F]
	(No symbol) [0x00007FF6C0BEA944]
	(No symbol) [0x00007FF6C0BEAADD]
	(No symbol) [0x00007FF6C0BD8F69]
	BaseThreadInitThunk [0x00007FFFCD5AE8D7+23]
	RtlUserThreadStart [0x00007FFFCE43C34C+44]

Error processing item 29 on page 1: Message: stale element reference: stale element not found
  (Session info: chrome=132.0.6834.160); For documentation on this error, please visit: https://www.selenium.dev/documentation/webdriver/troubleshooting/errors#stale-element-reference-exception
Stacktrace:
	GetHandleVerifier [0x00007FF6C0C81C35+33349]
	(No symbol) [0x00007FF6C0BE3120]
	(No symbol) [0x00007FF6C0A750FA]
	(No symbol) [0x00007FF6C0A898B4]
	(No symbol) [0x00007FF6C0A883C1]
	(No symbol) [0x00007FF6C0A7CA79]
	(No symbol) [0x00007FF6C0A7A7D2]
	(No symbol) [0x00007FF6C0A7EAAC]
	(No symbol) [0x00007FF6C0A7EB7F]
	(No symbol) [0x00007FF6C0AC8C75]
	(No symbol) [0x00007FF6C0AC95EC]
	(No symbol) [0x00007FF6C0ABC0AC]
	(No symbol) [0x00007FF6C0AEFFDF]
	(No symbol) [0x00007FF6C0ABBF76]
	(No symbol) [0x00007FF6C0AF01B0]
	(No symbol) [0x00007FF6C0B10171]
	(No symbol) [0x00007FF6C0AEFD43]
	(No symbol) [0x00007FF6C0ABA0D3]
	(No symbol) [0x00007FF6C0ABB461]
	GetHandleVerifier [0x00007FF6C0FB493D+3387213]
	GetHandleVerifier [0x00007FF6C0FC6920+3460912]
	GetHandleVerifier [0x00007FF6C0FBCF2D+3421501]
	GetHandleVerifier [0x00007FF6C0D4CCDB+865003]
	(No symbol) [0x00007FF6C0BEED8F]
	(No symbol) [0x00007FF6C0BEA944]
	(No symbol) [0x00007FF6C0BEAADD]
	(No symbol) [0x00007FF6C0BD8F69]
	BaseThreadInitThunk [0x00007FFFCD5AE8D7+23]
	RtlUserThreadStart [0x00007FFFCE43C34C+44]

Error processing item 30 on page 1: Message: stale element reference: stale element not found
  (Session info: chrome=132.0.6834.160); For documentation on this error, please visit: https://www.selenium.dev/documentation/webdriver/troubleshooting/errors#stale-element-reference-exception
Stacktrace:
	GetHandleVerifier [0x00007FF6C0C81C35+33349]
	(No symbol) [0x00007FF6C0BE3120]
	(No symbol) [0x00007FF6C0A750FA]
	(No symbol) [0x00007FF6C0A898B4]
	(No symbol) [0x00007FF6C0A883C1]
	(No symbol) [0x00007FF6C0A7CA79]
	(No symbol) [0x00007FF6C0A7A7D2]
	(No symbol) [0x00007FF6C0A7EAAC]
	(No symbol) [0x00007FF6C0A7EB7F]
	(No symbol) [0x00007FF6C0AC8C75]
	(No symbol) [0x00007FF6C0AC95EC]
	(No symbol) [0x00007FF6C0ABC0AC]
	(No symbol) [0x00007FF6C0AEFFDF]
	(No symbol) [0x00007FF6C0ABBF76]
	(No symbol) [0x00007FF6C0AF01B0]
	(No symbol) [0x00007FF6C0B10171]
	(No symbol) [0x00007FF6C0AEFD43]
	(No symbol) [0x00007FF6C0ABA0D3]
	(No symbol) [0x00007FF6C0ABB461]
	GetHandleVerifier [0x00007FF6C0FB493D+3387213]
	GetHandleVerifier [0x00007FF6C0FC6920+3460912]
	GetHandleVerifier [0x00007FF6C0FBCF2D+3421501]
	GetHandleVerifier [0x00007FF6C0D4CCDB+865003]
	(No symbol) [0x00007FF6C0BEED8F]
	(No symbol) [0x00007FF6C0BEA944]
	(No symbol) [0x00007FF6C0BEAADD]
	(No symbol) [0x00007FF6C0BD8F69]
	BaseThreadInitThunk [0x00007FFFCD5AE8D7+23]
	RtlUserThreadStart [0x00007FFFCE43C34C+44]

Error processing item 31 on page 1: Message: stale element reference: stale element not found
  (Session info: chrome=132.0.6834.160); For documentation on this error, please visit: https://www.selenium.dev/documentation/webdriver/troubleshooting/errors#stale-element-reference-exception
Stacktrace:
	GetHandleVerifier [0x00007FF6C0C81C35+33349]
	(No symbol) [0x00007FF6C0BE3120]
	(No symbol) [0x00007FF6C0A750FA]
	(No symbol) [0x00007FF6C0A898B4]
	(No symbol) [0x00007FF6C0A883C1]
	(No symbol) [0x00007FF6C0A7CA79]
	(No symbol) [0x00007FF6C0A7A7D2]
	(No symbol) [0x00007FF6C0A7EAAC]
	(No symbol) [0x00007FF6C0A7EB7F]
	(No symbol) [0x00007FF6C0AC8C75]
	(No symbol) [0x00007FF6C0AC95EC]
	(No symbol) [0x00007FF6C0ABC0AC]
	(No symbol) [0x00007FF6C0AEFFDF]
	(No symbol) [0x00007FF6C0ABBF76]
	(No symbol) [0x00007FF6C0AF01B0]
	(No symbol) [0x00007FF6C0B10171]
	(No symbol) [0x00007FF6C0AEFD43]
	(No symbol) [0x00007FF6C0ABA0D3]
	(No symbol) [0x00007FF6C0ABB461]
	GetHandleVerifier [0x00007FF6C0FB493D+3387213]
	GetHandleVerifier [0x00007FF6C0FC6920+3460912]
	GetHandleVerifier [0x00007FF6C0FBCF2D+3421501]
	GetHandleVerifier [0x00007FF6C0D4CCDB+865003]
	(No symbol) [0x00007FF6C0BEED8F]
	(No symbol) [0x00007FF6C0BEA944]
	(No symbol) [0x00007FF6C0BEAADD]
	(No symbol) [0x00007FF6C0BD8F69]
	BaseThreadInitThunk [0x00007FFFCD5AE8D7+23]
	RtlUserThreadStart [0x00007FFFCE43C34C+44]

Error processing item 32 on page 1: Message: stale element reference: stale element not found
  (Session info: chrome=132.0.6834.160); For documentation on this error, please visit: https://www.selenium.dev/documentation/webdriver/troubleshooting/errors#stale-element-reference-exception
Stacktrace:
	GetHandleVerifier [0x00007FF6C0C81C35+33349]
	(No symbol) [0x00007FF6C0BE3120]
	(No symbol) [0x00007FF6C0A750FA]
	(No symbol) [0x00007FF6C0A898B4]
	(No symbol) [0x00007FF6C0A883C1]
	(No symbol) [0x00007FF6C0A7CA79]
	(No symbol) [0x00007FF6C0A7A7D2]
	(No symbol) [0x00007FF6C0A7EAAC]
	(No symbol) [0x00007FF6C0A7EB7F]
	(No symbol) [0x00007FF6C0AC8C75]
	(No symbol) [0x00007FF6C0AC95EC]
	(No symbol) [0x00007FF6C0ABC0AC]
	(No symbol) [0x00007FF6C0AEFFDF]
	(No symbol) [0x00007FF6C0ABBF76]
	(No symbol) [0x00007FF6C0AF01B0]
	(No symbol) [0x00007FF6C0B10171]
	(No symbol) [0x00007FF6C0AEFD43]
	(No symbol) [0x00007FF6C0ABA0D3]
	(No symbol) [0x00007FF6C0ABB461]
	GetHandleVerifier [0x00007FF6C0FB493D+3387213]
	GetHandleVerifier [0x00007FF6C0FC6920+3460912]
	GetHandleVerifier [0x00007FF6C0FBCF2D+3421501]
	GetHandleVerifier [0x00007FF6C0D4CCDB+865003]
	(No symbol) [0x00007FF6C0BEED8F]
	(No symbol) [0x00007FF6C0BEA944]
	(No symbol) [0x00007FF6C0BEAADD]
	(No symbol) [0x00007FF6C0BD8F69]
	BaseThreadInitThunk [0x00007FFFCD5AE8D7+23]
	RtlUserThreadStart [0x00007FFFCE43C34C+44]

Error processing item 33 on page 1: Message: stale element reference: stale element not found
  (Session info: chrome=132.0.6834.160); For documentation on this error, please visit: https://www.selenium.dev/documentation/webdriver/troubleshooting/errors#stale-element-reference-exception
Stacktrace:
	GetHandleVerifier [0x00007FF6C0C81C35+33349]
	(No symbol) [0x00007FF6C0BE3120]
	(No symbol) [0x00007FF6C0A750FA]
	(No symbol) [0x00007FF6C0A898B4]
	(No symbol) [0x00007FF6C0A883C1]
	(No symbol) [0x00007FF6C0A7CA79]
	(No symbol) [0x00007FF6C0A7A7D2]
	(No symbol) [0x00007FF6C0A7EAAC]
	(No symbol) [0x00007FF6C0A7EB7F]
	(No symbol) [0x00007FF6C0AC8C75]
	(No symbol) [0x00007FF6C0AC95EC]
	(No symbol) [0x00007FF6C0ABC0AC]
	(No symbol) [0x00007FF6C0AEFFDF]
	(No symbol) [0x00007FF6C0ABBF76]
	(No symbol) [0x00007FF6C0AF01B0]
	(No symbol) [0x00007FF6C0B10171]
	(No symbol) [0x00007FF6C0AEFD43]
	(No symbol) [0x00007FF6C0ABA0D3]
	(No symbol) [0x00007FF6C0ABB461]
	GetHandleVerifier [0x00007FF6C0FB493D+3387213]
	GetHandleVerifier [0x00007FF6C0FC6920+3460912]
	GetHandleVerifier [0x00007FF6C0FBCF2D+3421501]
	GetHandleVerifier [0x00007FF6C0D4CCDB+865003]
	(No symbol) [0x00007FF6C0BEED8F]
	(No symbol) [0x00007FF6C0BEA944]
	(No symbol) [0x00007FF6C0BEAADD]
	(No symbol) [0x00007FF6C0BD8F69]
	BaseThreadInitThunk [0x00007FFFCD5AE8D7+23]
	RtlUserThreadStart [0x00007FFFCE43C34C+44]

Error processing item 34 on page 1: Message: stale element reference: stale element not found
  (Session info: chrome=132.0.6834.160); For documentation on this error, please visit: https://www.selenium.dev/documentation/webdriver/troubleshooting/errors#stale-element-reference-exception
Stacktrace:
	GetHandleVerifier [0x00007FF6C0C81C35+33349]
	(No symbol) [0x00007FF6C0BE3120]
	(No symbol) [0x00007FF6C0A750FA]
	(No symbol) [0x00007FF6C0A898B4]
	(No symbol) [0x00007FF6C0A883C1]
	(No symbol) [0x00007FF6C0A7CA79]
	(No symbol) [0x00007FF6C0A7A7D2]
	(No symbol) [0x00007FF6C0A7EAAC]
	(No symbol) [0x00007FF6C0A7EB7F]
	(No symbol) [0x00007FF6C0AC8C75]
	(No symbol) [0x00007FF6C0AC95EC]
	(No symbol) [0x00007FF6C0ABC0AC]
	(No symbol) [0x00007FF6C0AEFFDF]
	(No symbol) [0x00007FF6C0ABBF76]
	(No symbol) [0x00007FF6C0AF01B0]
	(No symbol) [0x00007FF6C0B10171]
	(No symbol) [0x00007FF6C0AEFD43]
	(No symbol) [0x00007FF6C0ABA0D3]
	(No symbol) [0x00007FF6C0ABB461]
	GetHandleVerifier [0x00007FF6C0FB493D+3387213]
	GetHandleVerifier [0x00007FF6C0FC6920+3460912]
	GetHandleVerifier [0x00007FF6C0FBCF2D+3421501]
	GetHandleVerifier [0x00007FF6C0D4CCDB+865003]
	(No symbol) [0x00007FF6C0BEED8F]
	(No symbol) [0x00007FF6C0BEA944]
	(No symbol) [0x00007FF6C0BEAADD]
	(No symbol) [0x00007FF6C0BD8F69]
	BaseThreadInitThunk [0x00007FFFCD5AE8D7+23]
	RtlUserThreadStart [0x00007FFFCE43C34C+44]

Error processing item 35 on page 1: Message: stale element reference: stale element not found
  (Session info: chrome=132.0.6834.160); For documentation on this error, please visit: https://www.selenium.dev/documentation/webdriver/troubleshooting/errors#stale-element-reference-exception
Stacktrace:
	GetHandleVerifier [0x00007FF6C0C81C35+33349]
	(No symbol) [0x00007FF6C0BE3120]
	(No symbol) [0x00007FF6C0A750FA]
	(No symbol) [0x00007FF6C0A898B4]
	(No symbol) [0x00007FF6C0A883C1]
	(No symbol) [0x00007FF6C0A7CA79]
	(No symbol) [0x00007FF6C0A7A7D2]
	(No symbol) [0x00007FF6C0A7EAAC]
	(No symbol) [0x00007FF6C0A7EB7F]
	(No symbol) [0x00007FF6C0AC8C75]
	(No symbol) [0x00007FF6C0AC95EC]
	(No symbol) [0x00007FF6C0ABC0AC]
	(No symbol) [0x00007FF6C0AEFFDF]
	(No symbol) [0x00007FF6C0ABBF76]
	(No symbol) [0x00007FF6C0AF01B0]
	(No symbol) [0x00007FF6C0B10171]
	(No symbol) [0x00007FF6C0AEFD43]
	(No symbol) [0x00007FF6C0ABA0D3]
	(No symbol) [0x00007FF6C0ABB461]
	GetHandleVerifier [0x00007FF6C0FB493D+3387213]
	GetHandleVerifier [0x00007FF6C0FC6920+3460912]
	GetHandleVerifier [0x00007FF6C0FBCF2D+3421501]
	GetHandleVerifier [0x00007FF6C0D4CCDB+865003]
	(No symbol) [0x00007FF6C0BEED8F]
	(No symbol) [0x00007FF6C0BEA944]
	(No symbol) [0x00007FF6C0BEAADD]
	(No symbol) [0x00007FF6C0BD8F69]
	BaseThreadInitThunk [0x00007FFFCD5AE8D7+23]
	RtlUserThreadStart [0x00007FFFCE43C34C+44]

Error processing item 36 on page 1: Message: stale element reference: stale element not found
  (Session info: chrome=132.0.6834.160); For documentation on this error, please visit: https://www.selenium.dev/documentation/webdriver/troubleshooting/errors#stale-element-reference-exception
Stacktrace:
	GetHandleVerifier [0x00007FF6C0C81C35+33349]
	(No symbol) [0x00007FF6C0BE3120]
	(No symbol) [0x00007FF6C0A750FA]
	(No symbol) [0x00007FF6C0A898B4]
	(No symbol) [0x00007FF6C0A883C1]
	(No symbol) [0x00007FF6C0A7CA79]
	(No symbol) [0x00007FF6C0A7A7D2]
	(No symbol) [0x00007FF6C0A7EAAC]
	(No symbol) [0x00007FF6C0A7EB7F]
	(No symbol) [0x00007FF6C0AC8C75]
	(No symbol) [0x00007FF6C0AC95EC]
	(No symbol) [0x00007FF6C0ABC0AC]
	(No symbol) [0x00007FF6C0AEFFDF]
	(No symbol) [0x00007FF6C0ABBF76]
	(No symbol) [0x00007FF6C0AF01B0]
	(No symbol) [0x00007FF6C0B10171]
	(No symbol) [0x00007FF6C0AEFD43]
	(No symbol) [0x00007FF6C0ABA0D3]
	(No symbol) [0x00007FF6C0ABB461]
	GetHandleVerifier [0x00007FF6C0FB493D+3387213]
	GetHandleVerifier [0x00007FF6C0FC6920+3460912]
	GetHandleVerifier [0x00007FF6C0FBCF2D+3421501]
	GetHandleVerifier [0x00007FF6C0D4CCDB+865003]
	(No symbol) [0x00007FF6C0BEED8F]
	(No symbol) [0x00007FF6C0BEA944]
	(No symbol) [0x00007FF6C0BEAADD]
	(No symbol) [0x00007FF6C0BD8F69]
	BaseThreadInitThunk [0x00007FFFCD5AE8D7+23]
	RtlUserThreadStart [0x00007FFFCE43C34C+44]

Reached last page or no next page found
Scraping completed. Total items scraped: 53
Data saved to: crawling_data\madlywish_20250607_171206.csv
Driver closed successfully
Starting scraper for shop: madlywish
Data will be saved to: crawling_data\madlywish_20250607_173501.csv
>>>>>>>>>>>>>>>>>>>>>>>>>>> Scraping page 1/1 <<<<<<<<<<<<<<<<<<<<<<<<<<<
Found 36 items on page 1
Processing item 0/36: https://www.etsy.com/listing/4315678927/tooth-fairy-letter-gift-for-kid-first?click_key=a08f6766390825b75b33902f6b5c928d7741752e%3A4315678927&click_sum=b042f85b&ref=shop_home_active_1&pro=1&sts=1
Successfully scraped product 'Tooth Fairy Letter Gift for Kid, First Lost Tooth Certificate, Tooth Fairy Receipt Printable, Tooth Fairy Note Printable, Tooth Keepsake' with 6 images
Unexpected error on page 1: 'WebDriver' object has no attribute 'bac'
Scraping completed. Total items scraped: 6
Data saved to: crawling_data\madlywish_20250607_173501.csv
Driver closed successfully
Starting scraper for shop: madlywish
Data will be saved to: crawling_data\madlywish_20250607_175024.csv
>>>>>>>>>>>>>>>>>>>>>>>>>>> Scraping page 1/1 <<<<<<<<<<<<<<<<<<<<<<<<<<<
Found 36 items on page 1
Processing item 0/36: https://www.etsy.com/listing/4315678927/tooth-fairy-letter-gift-for-kid-first?click_key=1269a773bd5daa65d1829136475d66ff5e23f235%3A4315678927&click_sum=310874ad&ref=shop_home_active_1&pro=1&sts=1
Could not find product name for URL: https://www.etsy.com/listing/4315678927/tooth-fairy-letter-gift-for-kid-first?click_key=1269a773bd5daa65d1829136475d66ff5e23f235%3A4315678927&click_sum=310874ad&ref=shop_home_active_1&pro=1&sts=1
Processing item 1/36: https://www.etsy.com/listing/4315678659/tooth-fairy-receipt-printable-first-lost?click_key=e98bd2b07c02f1355430111145236bb7a2620c0f%3A4315678659&click_sum=2a29f3e8&ref=shop_home_active_2&pro=1&sts=1
Could not find product name for URL: https://www.etsy.com/listing/4315678659/tooth-fairy-receipt-printable-first-lost?click_key=e98bd2b07c02f1355430111145236bb7a2620c0f%3A4315678659&click_sum=2a29f3e8&ref=shop_home_active_2&pro=1&sts=1
Processing item 2/36: https://www.etsy.com/listing/4315685338/first-lost-tooth-certificate-tooth-fairy?click_key=0c6e84316a29caf284eda15e84716b524a1dcc25%3A4315685338&click_sum=3f87e5c3&ref=shop_home_active_3&pro=1&sts=1
Could not find product name for URL: https://www.etsy.com/listing/4315685338/first-lost-tooth-certificate-tooth-fairy?click_key=0c6e84316a29caf284eda15e84716b524a1dcc25%3A4315685338&click_sum=3f87e5c3&ref=shop_home_active_3&pro=1&sts=1
Processing item 3/36: https://www.etsy.com/listing/4315258815/personalized-handwritten-note-custom?click_key=ca0dde55977d880d77a302b68f115433edf9fc3b%3A4315258815&click_sum=c0d25aad&ref=shop_home_active_4&pro=1&frs=1&sts=1
Could not find product name for URL: https://www.etsy.com/listing/4315258815/personalized-handwritten-note-custom?click_key=ca0dde55977d880d77a302b68f115433edf9fc3b%3A4315258815&click_sum=c0d25aad&ref=shop_home_active_4&pro=1&frs=1&sts=1
Processing item 4/36: https://www.etsy.com/listing/4315266430/embroidered-handwriting-on-fabric-custom?click_key=15be838141378f1f6aca926e0a9b9202fa990e94%3A4315266430&click_sum=7725ec90&ref=shop_home_active_5&pro=1&frs=1&sts=1
Could not find product name for URL: https://www.etsy.com/listing/4315266430/embroidered-handwriting-on-fabric-custom?click_key=15be838141378f1f6aca926e0a9b9202fa990e94%3A4315266430&click_sum=7725ec90&ref=shop_home_active_5&pro=1&frs=1&sts=1
Processing item 5/36: https://www.etsy.com/listing/4315265972/custom-embroidered-handwritten-note-art?click_key=1cd421836f6fd65078fd66eee01827820ad65c4a%3A4315265972&click_sum=28b078e9&ref=shop_home_active_6&pro=1&frs=1&sts=1
Could not find product name for URL: https://www.etsy.com/listing/4315265972/custom-embroidered-handwritten-note-art?click_key=1cd421836f6fd65078fd66eee01827820ad65c4a%3A4315265972&click_sum=28b078e9&ref=shop_home_active_6&pro=1&frs=1&sts=1
Processing item 6/36: https://www.etsy.com/listing/1542420964/natural-breastfeeding-pillow-cover?click_key=11de2d789f7e488a0e24cfd22bb63a67a7371e88%3A1542420964&click_sum=17ddb388&ref=shop_home_active_7&pro=1&frs=1&sts=1
Could not find product name for URL: https://www.etsy.com/listing/1542420964/natural-breastfeeding-pillow-cover?click_key=11de2d789f7e488a0e24cfd22bb63a67a7371e88%3A1542420964&click_sum=17ddb388&ref=shop_home_active_7&pro=1&frs=1&sts=1
Processing item 7/36: https://www.etsy.com/listing/1899817249/embroidered-floral-letter-monogram?click_key=798581ff7f28dbac9ae621d6b36a554542fe61c5%3A1899817249&click_sum=dce7f330&ref=shop_home_active_8&pro=1&sts=1
Could not find product name for URL: https://www.etsy.com/listing/1899817249/embroidered-floral-letter-monogram?click_key=798581ff7f28dbac9ae621d6b36a554542fe61c5%3A1899817249&click_sum=dce7f330&ref=shop_home_active_8&pro=1&sts=1
Processing item 8/36: https://www.etsy.com/listing/1571295038/pink-party-hats-and-crowns-first?click_key=e76c282a166ae59af296c0477e50631a53df2504%3A1571295038&click_sum=afd7def9&ref=shop_home_active_9&pro=1&sts=1
Could not find product name for URL: https://www.etsy.com/listing/1571295038/pink-party-hats-and-crowns-first?click_key=e76c282a166ae59af296c0477e50631a53df2504%3A1571295038&click_sum=afd7def9&ref=shop_home_active_9&pro=1&sts=1
Processing item 9/36: https://www.etsy.com/listing/1883126656/keepsake-birthday-crown-personalized?click_key=9fff0baaedc5fff348225857a0f75437cfd5cdc9%3A1883126656&click_sum=eb262b34&ref=shop_home_active_10&pro=1&sts=1
Could not find product name for URL: https://www.etsy.com/listing/1883126656/keepsake-birthday-crown-personalized?click_key=9fff0baaedc5fff348225857a0f75437cfd5cdc9%3A1883126656&click_sum=eb262b34&ref=shop_home_active_10&pro=1&sts=1
Processing item 10/36: https://www.etsy.com/listing/1895643009/gift-for-baby-girl-crib-bedding-set?click_key=3843d896e004576ec9f24764cb01dd3fc634e704%3A1895643009&click_sum=c06d0e68&ref=shop_home_active_11&pro=1&frs=1&sts=1
Successfully scraped product 'Gift for Baby Girl Crib Bedding Set, Country Cottage White Linen Fitted Sheet Crib US Size, White Baby Bed Sheets, White Nursery Sheet Set' with 10 images
Scraped 10 items so far...
Processing item 11/36: https://www.etsy.com/listing/1547564126/pink-birthday-crown-first-birthday?click_key=62814a15901420e010de8cf7bf7836699a62e543%3A1547564126&click_sum=c3443eda&ref=shop_home_active_12&pro=1&sts=1
WebDriver error scraping https://www.etsy.com/listing/1547564126/pink-birthday-crown-first-birthday?click_key=62814a15901420e010de8cf7bf7836699a62e543%3A1547564126&click_sum=c3443eda&ref=shop_home_active_12&pro=1&sts=1: Message: no such window: target window already closed
from unknown error: web view not found
  (Session info: chrome=132.0.6834.160)
Stacktrace:
	GetHandleVerifier [0x00007FF6C0C81C35+33349]
	(No symbol) [0x00007FF6C0BE3120]
	(No symbol) [0x00007FF6C0A750FA]
	(No symbol) [0x00007FF6C0A4EEA5]
	(No symbol) [0x00007FF6C0AF6F77]
	(No symbol) [0x00007FF6C0B0FA42]
	(No symbol) [0x00007FF6C0AEFD43]
	(No symbol) [0x00007FF6C0ABA0D3]
	(No symbol) [0x00007FF6C0ABB461]
	GetHandleVerifier [0x00007FF6C0FB493D+3387213]
	GetHandleVerifier [0x00007FF6C0FC6920+3460912]
	GetHandleVerifier [0x00007FF6C0FBCF2D+3421501]
	GetHandleVerifier [0x00007FF6C0D4CCDB+865003]
	(No symbol) [0x00007FF6C0BEED8F]
	(No symbol) [0x00007FF6C0BEA944]
	(No symbol) [0x00007FF6C0BEAADD]
	(No symbol) [0x00007FF6C0BD8F69]
	BaseThreadInitThunk [0x00007FFFCD5AE8D7+23]
	RtlUserThreadStart [0x00007FFFCE43C34C+44]

WebDriver error on page 1: Message: no such window: target window already closed
from unknown error: web view not found
  (Session info: chrome=132.0.6834.160)
Stacktrace:
	GetHandleVerifier [0x00007FF6C0C81C35+33349]
	(No symbol) [0x00007FF6C0BE3120]
	(No symbol) [0x00007FF6C0A750FA]
	(No symbol) [0x00007FF6C0A4EEA5]
	(No symbol) [0x00007FF6C0AF6F77]
	(No symbol) [0x00007FF6C0B0FA42]
	(No symbol) [0x00007FF6C0AEFD43]
	(No symbol) [0x00007FF6C0ABA0D3]
	(No symbol) [0x00007FF6C0ABB461]
	GetHandleVerifier [0x00007FF6C0FB493D+3387213]
	GetHandleVerifier [0x00007FF6C0FC6920+3460912]
	GetHandleVerifier [0x00007FF6C0FBCF2D+3421501]
	GetHandleVerifier [0x00007FF6C0D4CCDB+865003]
	(No symbol) [0x00007FF6C0BEED8F]
	(No symbol) [0x00007FF6C0BEA944]
	(No symbol) [0x00007FF6C0BEAADD]
	(No symbol) [0x00007FF6C0BD8F69]
	BaseThreadInitThunk [0x00007FFFCD5AE8D7+23]
	RtlUserThreadStart [0x00007FFFCE43C34C+44]

Scraping completed. Total items scraped: 10
Data saved to: crawling_data\madlywish_20250607_175024.csv
Driver closed successfully
Starting scraper for shop: madlywish
Data will be saved to: crawling_data\madlywish_20250608_083406.csv
>>>>>>>>>>>>>>>>>>>>>>>>>>> Scraping page 1/1 <<<<<<<<<<<<<<<<<<<<<<<<<<<
Found 36 items on page 1
Processing item 0/36: https://www.etsy.com/listing/1497861056/tooth-fairy-pillow-girl-plush-stuffed?click_key=800d2e0dc2aff791fe9a13fd3afe887a0a361d22%3A1497861056&click_sum=40416cd6&ref=shop_home_active_1&pro=1&sts=1
Successfully scraped product 'Tooth Fairy Pillow Girl, Plush Stuffed Tooth Pillow, Tooth Fairy Door Hanger, First Tooth Keepsake Box, First Lost Tooth Holder, Tooth Gift' with 10 images
Scraped 10 items so far...
Driver closed successfully
